
*****************************************************************************
Dec 01,2015 09:59:44 [info]   Execution Started of Test Class scripts.Login >> testUserLogin
*****************************************************************************
Dec 01,2015 09:59:49 [info]  Dec 01,2015 09:59:49 [info]  <<<<<<<<<<<<<<<<<<<<<<<<<<<<<<<<<< Error message >>>>>>>>>>>>>>>>>>>>>>>>>>>>>>
org.openqa.selenium.remote.UnreachableBrowserException: Error communicating with the remote browser. It may have died.
Build info: version: '2.48.2', revision: '41bccdd10cf2c0560f637404c2d96164b67d9d67', time: '2015-10-09 13:08:06'
System info: host: 'VireshT-PC', ip: '192.168.6.16', os.name: 'Windows 7', os.arch: 'x86', os.version: '6.1', java.version: '1.8.0_51'
Driver info: driver.version: RemoteWebDriver
	at org.openqa.selenium.remote.RemoteWebDriver.execute(RemoteWebDriver.java:641)
	at org.openqa.selenium.remote.RemoteWebDriver.get(RemoteWebDriver.java:311)
	at org.openqa.selenium.remote.RemoteWebDriver$RemoteNavigation.to(RemoteWebDriver.java:927)
	at scripts.Login.testUserLogin(Login.java:27)
	at sun.reflect.NativeMethodAccessorImpl.invoke0(Native Method)
	at sun.reflect.NativeMethodAccessorImpl.invoke(Unknown Source)
	at sun.reflect.DelegatingMethodAccessorImpl.invoke(Unknown Source)
	at java.lang.reflect.Method.invoke(Unknown Source)
	at org.testng.internal.MethodInvocationHelper.invokeMethod(MethodInvocationHelper.java:85)
	at org.testng.internal.Invoker.invokeMethod(Invoker.java:639)
	at org.testng.internal.Invoker.invokeTestMethod(Invoker.java:816)
	at org.testng.internal.Invoker.invokeTestMethods(Invoker.java:1124)
	at org.testng.internal.TestMethodWorker.invokeTestMethods(TestMethodWorker.java:125)
	at org.testng.internal.TestMethodWorker.run(TestMethodWorker.java:108)
	at org.testng.TestRunner.privateRun(TestRunner.java:774)
	at org.testng.TestRunner.run(TestRunner.java:624)
	at org.testng.SuiteRunner.runTest(SuiteRunner.java:359)
	at org.testng.SuiteRunner.runSequentially(SuiteRunner.java:354)
	at org.testng.SuiteRunner.privateRun(SuiteRunner.java:312)
	at org.testng.SuiteRunner.run(SuiteRunner.java:261)
	at org.testng.SuiteRunnerWorker.runSuite(SuiteRunnerWorker.java:52)
	at org.testng.SuiteRunnerWorker.run(SuiteRunnerWorker.java:86)
	at org.testng.TestNG.runSuitesSequentially(TestNG.java:1191)
	at org.testng.TestNG.runSuitesLocally(TestNG.java:1116)
	at org.testng.TestNG.run(TestNG.java:1024)
	at org.apache.maven.surefire.testng.TestNGExecutor.run(TestNGExecutor.java:282)
	at org.apache.maven.surefire.testng.TestNGXmlTestSuite.execute(TestNGXmlTestSuite.java:83)
	at org.apache.maven.surefire.testng.TestNGProvider.invoke(TestNGProvider.java:114)
	at org.apache.maven.surefire.booter.ForkedBooter.invokeProviderInSameClassLoader(ForkedBooter.java:286)
	at org.apache.maven.surefire.booter.ForkedBooter.runSuitesInProcess(ForkedBooter.java:240)
	at org.apache.maven.surefire.booter.ForkedBooter.main(ForkedBooter.java:121)
Caused by: org.apache.http.conn.HttpHostConnectException: Connect to 127.0.0.1:7055 [/127.0.0.1] failed: Connection refused: connect
	at org.apache.http.impl.conn.DefaultHttpClientConnectionOperator.connect(DefaultHttpClientConnectionOperator.java:151)
	at org.apache.http.impl.conn.PoolingHttpClientConnectionManager.connect(PoolingHttpClientConnectionManager.java:353)
	at org.apache.http.impl.execchain.MainClientExec.establishRoute(MainClientExec.java:380)
	at org.apache.http.impl.execchain.MainClientExec.execute(MainClientExec.java:236)
	at org.apache.http.impl.execchain.ProtocolExec.execute(ProtocolExec.java:184)
	at org.apache.http.impl.execchain.RetryExec.execute(RetryExec.java:88)
	at org.apache.http.impl.execchain.RedirectExec.execute(RedirectExec.java:110)
	at org.apache.http.impl.client.InternalHttpClient.doExecute(InternalHttpClient.java:184)
	at org.apache.http.impl.client.CloseableHttpClient.execute(CloseableHttpClient.java:71)
	at org.apache.http.impl.client.CloseableHttpClient.execute(CloseableHttpClient.java:55)
	at org.openqa.selenium.remote.internal.ApacheHttpClient.fallBackExecute(ApacheHttpClient.java:161)
	at org.openqa.selenium.remote.internal.ApacheHttpClient.execute(ApacheHttpClient.java:89)
	at org.openqa.selenium.remote.HttpCommandExecutor.execute(HttpCommandExecutor.java:142)
	at org.openqa.selenium.firefox.internal.NewProfileExtensionConnection.execute(NewProfileExtensionConnection.java:170)
	at org.openqa.selenium.firefox.FirefoxDriver$LazyCommandExecutor.execute(FirefoxDriver.java:380)
	at org.openqa.selenium.remote.RemoteWebDriver.execute(RemoteWebDriver.java:620)
	... 30 more
Caused by: java.net.ConnectException: Connection refused: connect
	at java.net.DualStackPlainSocketImpl.waitForConnect(Native Method)
	at java.net.DualStackPlainSocketImpl.socketConnect(Unknown Source)
	at java.net.AbstractPlainSocketImpl.doConnect(Unknown Source)
	at java.net.AbstractPlainSocketImpl.connectToAddress(Unknown Source)
	at java.net.AbstractPlainSocketImpl.connect(Unknown Source)
	at java.net.PlainSocketImpl.connect(Unknown Source)
	at java.net.SocksSocketImpl.connect(Unknown Source)
	at java.net.Socket.connect(Unknown Source)
	at org.apache.http.conn.socket.PlainConnectionSocketFactory.connectSocket(PlainConnectionSocketFactory.java:74)
	at org.apache.http.impl.conn.DefaultHttpClientConnectionOperator.connect(DefaultHttpClientConnectionOperator.java:134)
	... 45 more

*****************************************************************************
Dec 01,2015 10:00:40 [info]   Execution Started of Test Class scripts.Login >> testUserLogin
*****************************************************************************
Dec 01,2015 10:00:45 [info]  Dec 01,2015 10:00:45 [info]  <<<<<<<<<<<<<<<<<<<<<<<<<<<<<<<<<< Error message >>>>>>>>>>>>>>>>>>>>>>>>>>>>>>
org.openqa.selenium.remote.UnreachableBrowserException: Error communicating with the remote browser. It may have died.
Build info: version: '2.48.2', revision: '41bccdd10cf2c0560f637404c2d96164b67d9d67', time: '2015-10-09 13:08:06'
System info: host: 'VireshT-PC', ip: '192.168.6.16', os.name: 'Windows 7', os.arch: 'x86', os.version: '6.1', java.version: '1.8.0_51'
Driver info: driver.version: RemoteWebDriver
	at org.openqa.selenium.remote.RemoteWebDriver.execute(RemoteWebDriver.java:641)
	at org.openqa.selenium.remote.RemoteWebDriver.get(RemoteWebDriver.java:311)
	at org.openqa.selenium.remote.RemoteWebDriver$RemoteNavigation.to(RemoteWebDriver.java:927)
	at scripts.Login.testUserLogin(Login.java:27)
	at sun.reflect.NativeMethodAccessorImpl.invoke0(Native Method)
	at sun.reflect.NativeMethodAccessorImpl.invoke(Unknown Source)
	at sun.reflect.DelegatingMethodAccessorImpl.invoke(Unknown Source)
	at java.lang.reflect.Method.invoke(Unknown Source)
	at org.testng.internal.MethodInvocationHelper.invokeMethod(MethodInvocationHelper.java:85)
	at org.testng.internal.Invoker.invokeMethod(Invoker.java:639)
	at org.testng.internal.Invoker.invokeTestMethod(Invoker.java:816)
	at org.testng.internal.Invoker.invokeTestMethods(Invoker.java:1124)
	at org.testng.internal.TestMethodWorker.invokeTestMethods(TestMethodWorker.java:125)
	at org.testng.internal.TestMethodWorker.run(TestMethodWorker.java:108)
	at org.testng.TestRunner.privateRun(TestRunner.java:774)
	at org.testng.TestRunner.run(TestRunner.java:624)
	at org.testng.SuiteRunner.runTest(SuiteRunner.java:359)
	at org.testng.SuiteRunner.runSequentially(SuiteRunner.java:354)
	at org.testng.SuiteRunner.privateRun(SuiteRunner.java:312)
	at org.testng.SuiteRunner.run(SuiteRunner.java:261)
	at org.testng.SuiteRunnerWorker.runSuite(SuiteRunnerWorker.java:52)
	at org.testng.SuiteRunnerWorker.run(SuiteRunnerWorker.java:86)
	at org.testng.TestNG.runSuitesSequentially(TestNG.java:1191)
	at org.testng.TestNG.runSuitesLocally(TestNG.java:1116)
	at org.testng.TestNG.run(TestNG.java:1024)
	at org.apache.maven.surefire.testng.TestNGExecutor.run(TestNGExecutor.java:282)
	at org.apache.maven.surefire.testng.TestNGXmlTestSuite.execute(TestNGXmlTestSuite.java:83)
	at org.apache.maven.surefire.testng.TestNGProvider.invoke(TestNGProvider.java:114)
	at org.apache.maven.surefire.booter.ForkedBooter.invokeProviderInSameClassLoader(ForkedBooter.java:286)
	at org.apache.maven.surefire.booter.ForkedBooter.runSuitesInProcess(ForkedBooter.java:240)
	at org.apache.maven.surefire.booter.ForkedBooter.main(ForkedBooter.java:121)
Caused by: org.apache.http.conn.HttpHostConnectException: Connect to 127.0.0.1:7055 [/127.0.0.1] failed: Connection refused: connect
	at org.apache.http.impl.conn.DefaultHttpClientConnectionOperator.connect(DefaultHttpClientConnectionOperator.java:151)
	at org.apache.http.impl.conn.PoolingHttpClientConnectionManager.connect(PoolingHttpClientConnectionManager.java:353)
	at org.apache.http.impl.execchain.MainClientExec.establishRoute(MainClientExec.java:380)
	at org.apache.http.impl.execchain.MainClientExec.execute(MainClientExec.java:236)
	at org.apache.http.impl.execchain.ProtocolExec.execute(ProtocolExec.java:184)
	at org.apache.http.impl.execchain.RetryExec.execute(RetryExec.java:88)
	at org.apache.http.impl.execchain.RedirectExec.execute(RedirectExec.java:110)
	at org.apache.http.impl.client.InternalHttpClient.doExecute(InternalHttpClient.java:184)
	at org.apache.http.impl.client.CloseableHttpClient.execute(CloseableHttpClient.java:71)
	at org.apache.http.impl.client.CloseableHttpClient.execute(CloseableHttpClient.java:55)
	at org.openqa.selenium.remote.internal.ApacheHttpClient.fallBackExecute(ApacheHttpClient.java:161)
	at org.openqa.selenium.remote.internal.ApacheHttpClient.execute(ApacheHttpClient.java:89)
	at org.openqa.selenium.remote.HttpCommandExecutor.execute(HttpCommandExecutor.java:142)
	at org.openqa.selenium.firefox.internal.NewProfileExtensionConnection.execute(NewProfileExtensionConnection.java:170)
	at org.openqa.selenium.firefox.FirefoxDriver$LazyCommandExecutor.execute(FirefoxDriver.java:380)
	at org.openqa.selenium.remote.RemoteWebDriver.execute(RemoteWebDriver.java:620)
	... 30 more
Caused by: java.net.ConnectException: Connection refused: connect
	at java.net.DualStackPlainSocketImpl.waitForConnect(Native Method)
	at java.net.DualStackPlainSocketImpl.socketConnect(Unknown Source)
	at java.net.AbstractPlainSocketImpl.doConnect(Unknown Source)
	at java.net.AbstractPlainSocketImpl.connectToAddress(Unknown Source)
	at java.net.AbstractPlainSocketImpl.connect(Unknown Source)
	at java.net.PlainSocketImpl.connect(Unknown Source)
	at java.net.SocksSocketImpl.connect(Unknown Source)
	at java.net.Socket.connect(Unknown Source)
	at org.apache.http.conn.socket.PlainConnectionSocketFactory.connectSocket(PlainConnectionSocketFactory.java:74)
	at org.apache.http.impl.conn.DefaultHttpClientConnectionOperator.connect(DefaultHttpClientConnectionOperator.java:134)
	... 45 more

*****************************************************************************
Dec 01,2015 10:14:42 [info]   Execution Started of Test Class scripts.Login >> testUserLogin
*****************************************************************************
Dec 01,2015 10:14:50 [info]  Dec 01,2015 10:14:50 [info]  <<<<<<<<<<<<<<<<<<<<<<<<<<<<<<<<<< Error message >>>>>>>>>>>>>>>>>>>>>>>>>>>>>>
org.openqa.selenium.remote.UnreachableBrowserException: Error communicating with the remote browser. It may have died.
Build info: version: '2.48.2', revision: '41bccdd10cf2c0560f637404c2d96164b67d9d67', time: '2015-10-09 13:08:06'
System info: host: 'VireshT-PC', ip: '192.168.6.16', os.name: 'Windows 7', os.arch: 'x86', os.version: '6.1', java.version: '1.7.0_71'
Driver info: driver.version: RemoteWebDriver
	at org.openqa.selenium.remote.RemoteWebDriver.execute(RemoteWebDriver.java:641)
	at org.openqa.selenium.remote.RemoteWebDriver.get(RemoteWebDriver.java:311)
	at org.openqa.selenium.remote.RemoteWebDriver$RemoteNavigation.to(RemoteWebDriver.java:927)
	at scripts.Login.testUserLogin(Login.java:27)
	at sun.reflect.NativeMethodAccessorImpl.invoke0(Native Method)
	at sun.reflect.NativeMethodAccessorImpl.invoke(NativeMethodAccessorImpl.java:57)
	at sun.reflect.DelegatingMethodAccessorImpl.invoke(DelegatingMethodAccessorImpl.java:43)
	at java.lang.reflect.Method.invoke(Method.java:606)
	at org.testng.internal.MethodInvocationHelper.invokeMethod(MethodInvocationHelper.java:85)
	at org.testng.internal.Invoker.invokeMethod(Invoker.java:639)
	at org.testng.internal.Invoker.invokeTestMethod(Invoker.java:816)
	at org.testng.internal.Invoker.invokeTestMethods(Invoker.java:1124)
	at org.testng.internal.TestMethodWorker.invokeTestMethods(TestMethodWorker.java:125)
	at org.testng.internal.TestMethodWorker.run(TestMethodWorker.java:108)
	at org.testng.TestRunner.privateRun(TestRunner.java:774)
	at org.testng.TestRunner.run(TestRunner.java:624)
	at org.testng.SuiteRunner.runTest(SuiteRunner.java:359)
	at org.testng.SuiteRunner.runSequentially(SuiteRunner.java:354)
	at org.testng.SuiteRunner.privateRun(SuiteRunner.java:312)
	at org.testng.SuiteRunner.run(SuiteRunner.java:261)
	at org.testng.SuiteRunnerWorker.runSuite(SuiteRunnerWorker.java:52)
	at org.testng.SuiteRunnerWorker.run(SuiteRunnerWorker.java:86)
	at org.testng.TestNG.runSuitesSequentially(TestNG.java:1191)
	at org.testng.TestNG.runSuitesLocally(TestNG.java:1116)
	at org.testng.TestNG.run(TestNG.java:1024)
	at org.apache.maven.surefire.testng.TestNGExecutor.run(TestNGExecutor.java:282)
	at org.apache.maven.surefire.testng.TestNGXmlTestSuite.execute(TestNGXmlTestSuite.java:83)
	at org.apache.maven.surefire.testng.TestNGProvider.invoke(TestNGProvider.java:114)
	at org.apache.maven.surefire.booter.ForkedBooter.invokeProviderInSameClassLoader(ForkedBooter.java:286)
	at org.apache.maven.surefire.booter.ForkedBooter.runSuitesInProcess(ForkedBooter.java:240)
	at org.apache.maven.surefire.booter.ForkedBooter.main(ForkedBooter.java:121)
Caused by: org.apache.http.conn.HttpHostConnectException: Connect to 127.0.0.1:7055 [/127.0.0.1] failed: Connection refused: connect
	at org.apache.http.impl.conn.DefaultHttpClientConnectionOperator.connect(DefaultHttpClientConnectionOperator.java:151)
	at org.apache.http.impl.conn.PoolingHttpClientConnectionManager.connect(PoolingHttpClientConnectionManager.java:353)
	at org.apache.http.impl.execchain.MainClientExec.establishRoute(MainClientExec.java:380)
	at org.apache.http.impl.execchain.MainClientExec.execute(MainClientExec.java:236)
	at org.apache.http.impl.execchain.ProtocolExec.execute(ProtocolExec.java:184)
	at org.apache.http.impl.execchain.RetryExec.execute(RetryExec.java:88)
	at org.apache.http.impl.execchain.RedirectExec.execute(RedirectExec.java:110)
	at org.apache.http.impl.client.InternalHttpClient.doExecute(InternalHttpClient.java:184)
	at org.apache.http.impl.client.CloseableHttpClient.execute(CloseableHttpClient.java:71)
	at org.apache.http.impl.client.CloseableHttpClient.execute(CloseableHttpClient.java:55)
	at org.openqa.selenium.remote.internal.ApacheHttpClient.fallBackExecute(ApacheHttpClient.java:161)
	at org.openqa.selenium.remote.internal.ApacheHttpClient.execute(ApacheHttpClient.java:89)
	at org.openqa.selenium.remote.HttpCommandExecutor.execute(HttpCommandExecutor.java:142)
	at org.openqa.selenium.firefox.internal.NewProfileExtensionConnection.execute(NewProfileExtensionConnection.java:170)
	at org.openqa.selenium.firefox.FirefoxDriver$LazyCommandExecutor.execute(FirefoxDriver.java:380)
	at org.openqa.selenium.remote.RemoteWebDriver.execute(RemoteWebDriver.java:620)
	... 30 more
Caused by: java.net.ConnectException: Connection refused: connect
	at java.net.DualStackPlainSocketImpl.waitForConnect(Native Method)
	at java.net.DualStackPlainSocketImpl.socketConnect(DualStackPlainSocketImpl.java:85)
	at java.net.AbstractPlainSocketImpl.doConnect(AbstractPlainSocketImpl.java:339)
	at java.net.AbstractPlainSocketImpl.connectToAddress(AbstractPlainSocketImpl.java:200)
	at java.net.AbstractPlainSocketImpl.connect(AbstractPlainSocketImpl.java:182)
	at java.net.PlainSocketImpl.connect(PlainSocketImpl.java:172)
	at java.net.SocksSocketImpl.connect(SocksSocketImpl.java:392)
	at java.net.Socket.connect(Socket.java:579)
	at org.apache.http.conn.socket.PlainConnectionSocketFactory.connectSocket(PlainConnectionSocketFactory.java:74)
	at org.apache.http.impl.conn.DefaultHttpClientConnectionOperator.connect(DefaultHttpClientConnectionOperator.java:134)
	... 45 more

*****************************************************************************
Dec 01,2015 10:15:16 [info]   Execution Started of Test Class scripts.Login >> testUserLogin
*****************************************************************************
Dec 01,2015 10:15:33 [info]  Open the application
Dec 01,2015 10:15:34 [info]  Entered the email
Dec 01,2015 10:15:36 [info]  Entered the password
Dec 01,2015 10:15:38 [info]  Clicked on Login
Dec 01,2015 10:15:39 [info]  User is logged in succesfully
Dec 01,2015 10:15:41 [info]  Logged out from application

*****************************************************************************
Dec 01,2015 10:16:31 [info]   Execution Started of Test Class scripts.Login >> testUserLogin
*****************************************************************************
Dec 01,2015 10:16:38 [info]  Open the application
Dec 01,2015 10:16:39 [info]  Entered the email
Dec 01,2015 10:16:41 [info]  Entered the password
Dec 01,2015 10:16:43 [info]  Clicked on Login
Dec 01,2015 10:16:44 [info]  User is logged in succesfully
Dec 01,2015 10:16:46 [info]  Logged out from application

*****************************************************************************
Dec 01,2015 10:18:12 [info]   Execution Started of Test Class scripts.Login >> testUserLogin
*****************************************************************************
Dec 01,2015 10:18:17 [info]  Open the application
Dec 01,2015 10:18:18 [info]  Entered the email
Dec 01,2015 10:18:20 [info]  Entered the password
Dec 01,2015 10:18:22 [info]  Clicked on Login
Dec 01,2015 10:18:22 [info]  User is logged in succesfully
Dec 01,2015 10:18:25 [info]  Logged out from application

*****************************************************************************
Dec 01,2015 10:20:39 [info]   Execution Started of Test Class scripts.Login >> testUserLogin
*****************************************************************************
Dec 01,2015 10:20:45 [info]  Open the application
Dec 01,2015 10:20:46 [info]  Entered the email
Dec 01,2015 10:20:48 [info]  Entered the password
Dec 01,2015 10:20:51 [info]  Clicked on Login
Dec 01,2015 10:20:51 [info]  User is logged in succesfully
Dec 01,2015 10:20:54 [info]  Logged out from application

*****************************************************************************
Dec 01,2015 10:29:21 [info]   Execution Started of Test Class scripts.Login >> testUserLogin
*****************************************************************************
Dec 01,2015 10:29:29 [info]  Open the application
Dec 01,2015 10:29:30 [info]  Entered the email
Dec 01,2015 10:29:32 [info]  Entered the password
Dec 01,2015 10:29:34 [info]  Clicked on Login
Dec 01,2015 10:29:34 [info]  User is logged in succesfully
Dec 01,2015 10:29:37 [info]  Logged out from application

*****************************************************************************
Dec 01,2015 10:32:34 [info]   Execution Started of Test Class scripts.Login >> testUserLogin
*****************************************************************************
Dec 01,2015 10:32:39 [info]  Open the application
Dec 01,2015 10:32:40 [info]  Entered the email
Dec 01,2015 10:32:42 [info]  Entered the password
Dec 01,2015 10:32:45 [info]  Clicked on Login
Dec 01,2015 10:32:45 [info]  User is logged in succesfully
Dec 01,2015 10:32:47 [info]  Logged out from application

*****************************************************************************
Dec 01,2015 10:34:14 [info]   Execution Started of Test Class scripts.Login >> testUserLogin
*****************************************************************************
Dec 01,2015 10:34:18 [info]  Open the application
Dec 01,2015 10:34:20 [info]  Entered the email
Dec 01,2015 10:34:22 [info]  Entered the password
Dec 01,2015 10:34:24 [info]  Clicked on Login
Dec 01,2015 10:34:24 [info]  User is logged in succesfully
Dec 01,2015 10:34:26 [info]  Logged out from application

*****************************************************************************
Dec 01,2015 10:35:28 [info]   Execution Started of Test Class scripts.Login >> testUserLogin
*****************************************************************************
Dec 01,2015 10:35:33 [info]  Open the application
Dec 01,2015 10:35:35 [info]  Entered the email
Dec 01,2015 10:35:37 [info]  Entered the password
Dec 01,2015 10:35:39 [info]  Clicked on Login
Dec 01,2015 10:35:40 [info]  User is logged in succesfully
Dec 01,2015 10:35:42 [info]  Logged out from application

*****************************************************************************
Dec 01,2015 10:36:35 [info]   Execution Started of Test Class scripts.Login >> testUserLogin
*****************************************************************************
Dec 01,2015 10:36:40 [info]  Open the application
Dec 01,2015 10:36:42 [info]  Entered the email
Dec 01,2015 10:36:43 [info]  Entered the password
Dec 01,2015 10:36:46 [info]  Clicked on Login
Dec 01,2015 10:36:46 [info]  User is logged in succesfully
Dec 01,2015 10:36:49 [info]  Logged out from application

*****************************************************************************
Dec 01,2015 10:37:41 [info]   Execution Started of Test Class scripts.Login >> testUserLogin
*****************************************************************************
Dec 01,2015 10:37:47 [info]  Open the application
Dec 01,2015 10:37:48 [info]  Entered the email
Dec 01,2015 10:37:50 [info]  Entered the password
Dec 01,2015 10:37:52 [info]  Clicked on Login
Dec 01,2015 10:37:53 [info]  User is logged in succesfully
Dec 01,2015 10:37:55 [info]  Logged out from application

*****************************************************************************
Dec 01,2015 10:38:47 [info]   Execution Started of Test Class scripts.Login >> testUserLogin
*****************************************************************************
Dec 01,2015 10:39:11 [info]  Open the application
Dec 01,2015 10:39:12 [info]  Entered the email
Dec 01,2015 10:39:14 [info]  Entered the password
Dec 01,2015 10:39:16 [info]  Clicked on Login
Dec 01,2015 10:39:17 [info]  User is logged in succesfully
Dec 01,2015 10:39:19 [info]  Logged out from application

*****************************************************************************
Dec 01,2015 10:41:48 [info]   Execution Started of Test Class scripts.Login >> testUserLogin
*****************************************************************************
Dec 01,2015 10:41:53 [info]  Open the application
Dec 01,2015 10:41:55 [info]  Entered the email
Dec 01,2015 10:41:56 [info]  Entered the password
Dec 01,2015 10:41:59 [info]  Clicked on Login
Dec 01,2015 10:41:59 [info]  User is logged in succesfully
Dec 01,2015 10:42:02 [info]  Logged out from application

*****************************************************************************
Dec 01,2015 10:42:32 [info]   Execution Started of Test Class scripts.Login >> testUserLogin
*****************************************************************************
Dec 01,2015 10:42:36 [info]  Open the application
Dec 01,2015 10:42:37 [info]  Entered the email
Dec 01,2015 10:42:39 [info]  Entered the password
Dec 01,2015 10:42:41 [info]  Clicked on Login
Dec 01,2015 10:42:42 [info]  User is logged in succesfully
Dec 01,2015 10:42:44 [info]  Logged out from application

*****************************************************************************
Dec 01,2015 10:43:33 [info]   Execution Started of Test Class scripts.Login >> testUserLogin
*****************************************************************************
Dec 01,2015 10:43:39 [info]  Open the application
Dec 01,2015 10:43:40 [info]  Entered the email
Dec 01,2015 10:43:42 [info]  Entered the password
Dec 01,2015 10:43:44 [info]  Clicked on Login
Dec 01,2015 10:43:45 [info]  User is logged in succesfully
Dec 01,2015 10:43:47 [info]  Logged out from application

*****************************************************************************
Dec 01,2015 10:45:07 [info]   Execution Started of Test Class scripts.Login >> testUserLogin
*****************************************************************************
Dec 01,2015 10:45:12 [info]  Open the application
Dec 01,2015 10:45:13 [info]  Entered the email
Dec 01,2015 10:45:15 [info]  Entered the password
Dec 01,2015 10:45:17 [info]  Clicked on Login
Dec 01,2015 10:45:18 [info]  User is logged in succesfully
Dec 01,2015 10:45:20 [info]  Logged out from application

*****************************************************************************
Dec 01,2015 10:45:57 [info]   Execution Started of Test Class scripts.Login >> testUserLogin
*****************************************************************************
Dec 01,2015 10:46:05 [info]  Open the application
Dec 01,2015 10:46:07 [info]  Entered the email
Dec 01,2015 10:46:08 [info]  Entered the password
Dec 01,2015 10:46:11 [info]  Clicked on Login
Dec 01,2015 10:46:11 [info]  User is logged in succesfully
Dec 01,2015 10:46:13 [info]  Logged out from application

*****************************************************************************
Dec 01,2015 10:53:10 [info]   Execution Started of Test Class scripts.Login >> testUserLogin
*****************************************************************************
Dec 01,2015 10:53:18 [info]  Open the application
Dec 01,2015 10:53:20 [info]  Entered the email
Dec 01,2015 10:53:21 [info]  Entered the password
Dec 01,2015 10:53:24 [info]  Clicked on Login
Dec 01,2015 10:53:24 [info]  User is logged in succesfully
Dec 01,2015 10:53:26 [info]  Logged out from application

*****************************************************************************
Dec 01,2015 10:53:56 [info]   Execution Started of Test Class scripts.Login >> testUserLogin
*****************************************************************************
Dec 01,2015 10:54:31 [info]  Open the application
Dec 01,2015 10:54:32 [info]  Entered the email
Dec 01,2015 10:54:34 [info]  Entered the password
Dec 01,2015 10:54:36 [info]  Clicked on Login
Dec 01,2015 10:54:36 [info]  User is logged in succesfully
Dec 01,2015 10:54:39 [info]  Logged out from application

*****************************************************************************
Dec 01,2015 11:00:41 [info]   Execution Started of Test Class scripts.Login >> testUserLogin
*****************************************************************************
Dec 01,2015 11:00:48 [info]  Open the application
Dec 01,2015 11:00:50 [info]  Entered the email
Dec 01,2015 11:00:52 [info]  Entered the password
Dec 01,2015 11:00:54 [info]  Clicked on Login
Dec 01,2015 11:00:54 [info]  User is logged in succesfully
Dec 01,2015 11:00:56 [info]  Logged out from application

*****************************************************************************
Dec 01,2015 12:04:03 [info]   Execution Started of Test Class scripts.Login >> testUserLogin
*****************************************************************************
Dec 01,2015 12:04:17 [info]  Open the application
Dec 01,2015 12:04:18 [info]  Entered the email
Dec 01,2015 12:04:20 [info]  Entered the password
Dec 01,2015 12:04:22 [info]  Clicked on Login
Dec 01,2015 12:04:24 [info]  User is logged in succesfully
Dec 01,2015 12:04:26 [info]  Logged out from application

*****************************************************************************
Dec 01,2015 12:04:32 [info]   Execution Started of Test Class scripts.SearchDomains >> testSearchDomainsFunctionality
*****************************************************************************
Dec 01,2015 12:04:43 [info]  Open the application
Dec 01,2015 12:04:48 [info]  Entered the email
Dec 01,2015 12:04:50 [info]  Clicked on Searched domain tab
Dec 01,2015 12:04:51 [info]  Domain name entered
Dec 01,2015 12:04:54 [info]  Clicked on Search button
Dec 01,2015 12:04:55 [info]  Verifed domains are displayed according to search criteria
Dec 01,2015 12:05:08 [info]  Clicked on Add button
Dec 01,2015 12:05:08 [info]  Clicked on Cart Icon
Dec 01,2015 12:05:09 [info]  Domain is successfully added to cart
Dec 01,2015 12:05:09 [info]  Delete the added domain
Dec 01,2015 12:05:09 [info]  Verified added domain deleted
Dec 01,2015 12:05:11 [info]  Cart window is closed
Dec 01,2015 12:05:24 [info]  Clicked on Add button
Dec 01,2015 12:05:24 [info]  Clicked on Cart Icon
Dec 01,2015 12:05:25 [info]  Domain is successfully added to cart
Dec 01,2015 12:05:27 [info]  Clicked on Procedd button
Dec 01,2015 12:05:27 [info]  User is on checkout section
Dec 01,2015 12:05:32 [info]  Edit the contact
Dec 01,2015 12:05:33 [info]  Contact is edited
Dec 01,2015 12:05:33 [info]  Clicked on Submit Order button
Dec 01,2015 12:05:39 [info]  Order is submitted
Dec 01,2015 12:05:40 [info]  Clicked on Success Icon
Dec 01,2015 12:05:41 [info]  Domain is present on Domains section
Dec 01,2015 12:05:45 [info]  Domain check box is selected
Dec 01,2015 12:05:45 [info]  Domain is selected and verified
Dec 01,2015 12:05:47 [info]  Domain Auto Renewed is ON
Dec 01,2015 12:06:06 [info]  Enabled WhoIs privacy
Dec 01,2015 12:06:09 [info]  Disabled WhoIs privacy
Dec 01,2015 12:06:12 [info]  Clicked on Domain Contacts link
Dec 01,2015 12:06:13 [info]  Clicked on Change Contacts button
Dec 01,2015 12:06:17 [info]  Select Multiple domains are selected
Dec 01,2015 12:06:19 [info]  Multiple domains are selected

*****************************************************************************
Dec 01,2015 12:06:24 [info]   Execution Started of Test Class scripts.TransferIn >> testDeleteTransfer
*****************************************************************************
Dec 01,2015 12:06:42 [info]  Open the application
Dec 01,2015 12:06:47 [info]  Entered the email
Dec 01,2015 12:06:49 [info]  Clicked on Transfers In tab
Dec 01,2015 12:06:51 [info]  Domain name is entered
Dec 01,2015 12:06:51 [info]  Clicked on Add Domain button
Dec 01,2015 12:06:51 [info]  Domain is added
Dec 01,2015 12:06:51 [info]  Clicked on Transfer to AppDetext Vault button
Dec 01,2015 12:06:54 [info]  Clicked on Initiate The Transfer button
Dec 01,2015 12:06:55 [info]  Selected the transfer domain
Dec 01,2015 12:07:17 [info]  Selected transfer deleted
Dec 01,2015 12:07:22 [info]  Verified deleted transfer details present on Orders section
Dec 01,2015 12:07:25 [info]  Logout from the application

*****************************************************************************
Dec 01,2015 12:07:29 [info]   Execution Started of Test Class scripts.TransferIn >> testTransfersInSection
*****************************************************************************
Dec 01,2015 12:07:54 [info]  Open the application
Dec 01,2015 12:07:59 [info]  Entered the email
Dec 01,2015 12:08:02 [info]  Clicked on Transfers In tab
Dec 01,2015 12:08:03 [info]  Domain name is entered
Dec 01,2015 12:08:03 [info]  Clicked on Add Domain button
Dec 01,2015 12:08:03 [info]  Domain is added
Dec 01,2015 12:08:04 [info]  Delete added domain
Dec 01,2015 12:08:09 [info]  Domain is deleted
Dec 01,2015 12:08:10 [info]  Domain name is entered
Dec 01,2015 12:08:11 [info]  Clicked on Add Domain button
Dec 01,2015 12:08:11 [info]  Domain is added
Dec 01,2015 12:08:11 [info]  Clicked on Transfer to AppDetext Vault button
Dec 01,2015 12:08:14 [info]  Clicked on Initiate The Transfer button
Dec 01,2015 12:08:15 [info]  Selected the transfer domain
Dec 01,2015 12:08:32 [info]  Auth Code Updated
Dec 01,2015 12:08:35 [info]  Logout from the application

*****************************************************************************
Dec 01,2015 12:08:43 [info]   Execution Started of Test Class scripts.AddCustomerAndUser >> testAddCustomerAndUser
*****************************************************************************
Dec 01,2015 12:09:04 [info]  Open the application
Dec 01,2015 12:09:10 [info]  Admin is loggedin
Dec 01,2015 12:09:14 [info]  Customers link is clicked
Dec 01,2015 12:09:17 [info]  Clicked on New Customer button
Dec 01,2015 12:09:32 [info]  All the required details are entered
Dec 01,2015 12:09:34 [info]  New customer is added
Dec 01,2015 12:09:34 [info]  Added new customer is selected
Dec 01,2015 12:09:38 [info]  User section is now opened
Dec 01,2015 12:09:40 [info]  Clicked on New User button
Dec 01,2015 12:10:03 [info]  User details are added with Customer All role
Dec 01,2015 12:10:04 [info]  New user is created and verified
Dec 01,2015 12:10:07 [info]  Logout from the application
Dec 01,2015 12:10:10 [info]  Logged in as new user
Dec 01,2015 12:10:17 [info]  Users section is opened
Dec 01,2015 12:10:19 [info]  User checkbox is selected
Dec 01,2015 12:10:21 [info]  Edit the user details
Dec 01,2015 12:10:22 [info]  User details are edited and verified
Dec 01,2015 12:10:37 [info]  Enabled Two Step Authentication
Dec 01,2015 12:10:40 [info]  Logout from the application
Dec 01,2015 12:10:43 [info]  Logged in as new user
Dec 01,2015 12:10:43 [info]  Two Step Authentication page is opened

*****************************************************************************
Dec 01,2015 12:10:49 [info]   Execution Started of Test Class scripts.ResetPassword >> testResetPassword
*****************************************************************************
Dec 01,2015 12:11:04 [info]  Open the application
Dec 01,2015 12:11:09 [info]  Admin is loggedin
Dec 01,2015 12:11:13 [info]  User section is now opened
Dec 01,2015 12:11:14 [info]  Clicked on New User button
Dec 01,2015 12:12:15 [info]  Dec 01,2015 12:12:15 [info]  <<<<<<<<<<<<<<<<<<<<<<<<<<<<<<<<<< Error message >>>>>>>>>>>>>>>>>>>>>>>>>>>>>>
java.lang.AssertionError: //div[@class='modalBody']//input[@name='firstName'] is not present in given wait time.
	at org.testng.Assert.fail(Assert.java:94)
	at utils.DriverHelper.WaitForElementPresent(DriverHelper.java:88)
	at utils.DriverHelper.sendKeys(DriverHelper.java:229)
	at pagehelpers.AdminHelper.addUserDetails(AdminHelper.java:145)
	at scripts.ResetPassword.testResetPassword(ResetPassword.java:48)
	at sun.reflect.NativeMethodAccessorImpl.invoke0(Native Method)
	at sun.reflect.NativeMethodAccessorImpl.invoke(NativeMethodAccessorImpl.java:57)
	at sun.reflect.DelegatingMethodAccessorImpl.invoke(DelegatingMethodAccessorImpl.java:43)
	at java.lang.reflect.Method.invoke(Method.java:606)
	at org.testng.internal.MethodInvocationHelper.invokeMethod(MethodInvocationHelper.java:85)
	at org.testng.internal.Invoker.invokeMethod(Invoker.java:639)
	at org.testng.internal.Invoker.invokeTestMethod(Invoker.java:816)
	at org.testng.internal.Invoker.invokeTestMethods(Invoker.java:1124)
	at org.testng.internal.TestMethodWorker.invokeTestMethods(TestMethodWorker.java:125)
	at org.testng.internal.TestMethodWorker.run(TestMethodWorker.java:108)
	at org.testng.TestRunner.privateRun(TestRunner.java:774)
	at org.testng.TestRunner.run(TestRunner.java:624)
	at org.testng.SuiteRunner.runTest(SuiteRunner.java:359)
	at org.testng.SuiteRunner.runSequentially(SuiteRunner.java:354)
	at org.testng.SuiteRunner.privateRun(SuiteRunner.java:312)
	at org.testng.SuiteRunner.run(SuiteRunner.java:261)
	at org.testng.SuiteRunnerWorker.runSuite(SuiteRunnerWorker.java:52)
	at org.testng.SuiteRunnerWorker.run(SuiteRunnerWorker.java:86)
	at org.testng.TestNG.runSuitesSequentially(TestNG.java:1191)
	at org.testng.TestNG.runSuitesLocally(TestNG.java:1116)
	at org.testng.TestNG.run(TestNG.java:1024)
	at org.apache.maven.surefire.testng.TestNGExecutor.run(TestNGExecutor.java:282)
	at org.apache.maven.surefire.testng.TestNGXmlTestSuite.execute(TestNGXmlTestSuite.java:83)
	at org.apache.maven.surefire.testng.TestNGProvider.invoke(TestNGProvider.java:114)
	at org.apache.maven.surefire.booter.ForkedBooter.invokeProviderInSameClassLoader(ForkedBooter.java:286)
	at org.apache.maven.surefire.booter.ForkedBooter.runSuitesInProcess(ForkedBooter.java:240)
	at org.apache.maven.surefire.booter.ForkedBooter.main(ForkedBooter.java:121)

*****************************************************************************
Dec 01,2015 12:12:19 [info]   Execution Started of Test Class scripts.WhoISSearchAndLegalLinks >> testWhoISSearchAndLegalLinks
*****************************************************************************
Dec 01,2015 12:12:33 [info]  Open the application
Dec 01,2015 12:12:39 [info]  Entered the email
Dec 01,2015 12:12:41 [info]  Clicked on Searched domain tab
Dec 01,2015 12:12:42 [info]  Domain name entered
Dec 01,2015 12:12:44 [info]  Clicked on Search button
Dec 01,2015 12:12:45 [info]  Verifed domains are displayed according to search criteria
Dec 01,2015 12:12:58 [info]  Clicked on Add button
Dec 01,2015 12:12:59 [info]  Clicked on Cart Icon
Dec 01,2015 12:12:59 [info]  Domain is successfully added to cart
Dec 01,2015 12:13:02 [info]  Clicked on Procedd button
Dec 01,2015 12:13:02 [info]  User is on checkout section
Dec 01,2015 12:13:02 [info]  Clicked on Submit Order button
Dec 01,2015 12:13:06 [info]  Order is submitted
Dec 01,2015 12:13:06 [info]  Clicked on Success Icon
Dec 01,2015 12:13:08 [info]  Domain is present on Domains section
Dec 01,2015 12:14:09 [info]  Dec 01,2015 12:14:09 [info]  <<<<<<<<<<<<<<<<<<<<<<<<<<<<<<<<<< Error message >>>>>>>>>>>>>>>>>>>>>>>>>>>>>>
java.lang.AssertionError: //a[contains(.,'Whois Search')] is not present in given wait time.
	at org.testng.Assert.fail(Assert.java:94)
	at utils.DriverHelper.WaitForElementPresent(DriverHelper.java:88)
	at utils.DriverHelper.clickOn(DriverHelper.java:220)
	at pagehelpers.FooterHelper.whoISSearchWithDisableWhoIsPrivacy(FooterHelper.java:26)
	at scripts.WhoISSearchAndLegalLinks.testWhoISSearchAndLegalLinks(WhoISSearchAndLegalLinks.java:95)
	at sun.reflect.NativeMethodAccessorImpl.invoke0(Native Method)
	at sun.reflect.NativeMethodAccessorImpl.invoke(NativeMethodAccessorImpl.java:57)
	at sun.reflect.DelegatingMethodAccessorImpl.invoke(DelegatingMethodAccessorImpl.java:43)
	at java.lang.reflect.Method.invoke(Method.java:606)
	at org.testng.internal.MethodInvocationHelper.invokeMethod(MethodInvocationHelper.java:85)
	at org.testng.internal.Invoker.invokeMethod(Invoker.java:639)
	at org.testng.internal.Invoker.invokeTestMethod(Invoker.java:816)
	at org.testng.internal.Invoker.invokeTestMethods(Invoker.java:1124)
	at org.testng.internal.TestMethodWorker.invokeTestMethods(TestMethodWorker.java:125)
	at org.testng.internal.TestMethodWorker.run(TestMethodWorker.java:108)
	at org.testng.TestRunner.privateRun(TestRunner.java:774)
	at org.testng.TestRunner.run(TestRunner.java:624)
	at org.testng.SuiteRunner.runTest(SuiteRunner.java:359)
	at org.testng.SuiteRunner.runSequentially(SuiteRunner.java:354)
	at org.testng.SuiteRunner.privateRun(SuiteRunner.java:312)
	at org.testng.SuiteRunner.run(SuiteRunner.java:261)
	at org.testng.SuiteRunnerWorker.runSuite(SuiteRunnerWorker.java:52)
	at org.testng.SuiteRunnerWorker.run(SuiteRunnerWorker.java:86)
	at org.testng.TestNG.runSuitesSequentially(TestNG.java:1191)
	at org.testng.TestNG.runSuitesLocally(TestNG.java:1116)
	at org.testng.TestNG.run(TestNG.java:1024)
	at org.apache.maven.surefire.testng.TestNGExecutor.run(TestNGExecutor.java:282)
	at org.apache.maven.surefire.testng.TestNGXmlTestSuite.execute(TestNGXmlTestSuite.java:83)
	at org.apache.maven.surefire.testng.TestNGProvider.invoke(TestNGProvider.java:114)
	at org.apache.maven.surefire.booter.ForkedBooter.invokeProviderInSameClassLoader(ForkedBooter.java:286)
	at org.apache.maven.surefire.booter.ForkedBooter.runSuitesInProcess(ForkedBooter.java:240)
	at org.apache.maven.surefire.booter.ForkedBooter.main(ForkedBooter.java:121)

*****************************************************************************
Dec 01,2015 12:14:13 [info]   Execution Started of Test Class scripts.Orders >> testOrdersSectionForDomains
*****************************************************************************
Dec 01,2015 12:14:35 [info]  Open the application
Dec 01,2015 12:14:40 [info]  Entered the email
Dec 01,2015 12:14:45 [info]  Clicked on Searched domain tab
Dec 01,2015 12:14:47 [info]  Domain name entered
Dec 01,2015 12:14:49 [info]  Clicked on Search button
Dec 01,2015 12:14:50 [info]  Verifed domains are displayed according to search criteria
Dec 01,2015 12:15:03 [info]  Clicked on Add button
Dec 01,2015 12:15:04 [info]  Clicked on Cart Icon
Dec 01,2015 12:15:04 [info]  Domain is successfully added to cart
Dec 01,2015 12:15:06 [info]  Clicked on Procedd button
Dec 01,2015 12:15:06 [info]  User is on checkout section
Dec 01,2015 12:15:07 [info]  Clicked on Submit Order button
Dec 01,2015 12:15:11 [info]  Order is submitted
Dec 01,2015 12:15:11 [info]  Clicked on Success Icon
Dec 01,2015 12:15:16 [info]  Dec 01,2015 12:15:16 [info]  <<<<<<<<<<<<<<<<<<<<<<<<<<<<<<<<<< Error message >>>>>>>>>>>>>>>>>>>>>>>>>>>>>>
java.lang.AssertionError: expected [test30360533.info] but found [testdomain252886.info]
	at org.testng.Assert.fail(Assert.java:94)
	at org.testng.Assert.failNotEquals(Assert.java:496)
	at org.testng.Assert.assertEquals(Assert.java:125)
	at org.testng.Assert.assertEquals(Assert.java:178)
	at org.testng.Assert.assertEquals(Assert.java:188)
	at pagehelpers.OrdersHelper.verifyOrderDetails(OrdersHelper.java:37)
	at scripts.Orders.testOrdersSectionForDomains(Orders.java:92)
	at sun.reflect.NativeMethodAccessorImpl.invoke0(Native Method)
	at sun.reflect.NativeMethodAccessorImpl.invoke(NativeMethodAccessorImpl.java:57)
	at sun.reflect.DelegatingMethodAccessorImpl.invoke(DelegatingMethodAccessorImpl.java:43)
	at java.lang.reflect.Method.invoke(Method.java:606)
	at org.testng.internal.MethodInvocationHelper.invokeMethod(MethodInvocationHelper.java:85)
	at org.testng.internal.Invoker.invokeMethod(Invoker.java:639)
	at org.testng.internal.Invoker.invokeTestMethod(Invoker.java:816)
	at org.testng.internal.Invoker.invokeTestMethods(Invoker.java:1124)
	at org.testng.internal.TestMethodWorker.invokeTestMethods(TestMethodWorker.java:125)
	at org.testng.internal.TestMethodWorker.run(TestMethodWorker.java:108)
	at org.testng.TestRunner.privateRun(TestRunner.java:774)
	at org.testng.TestRunner.run(TestRunner.java:624)
	at org.testng.SuiteRunner.runTest(SuiteRunner.java:359)
	at org.testng.SuiteRunner.runSequentially(SuiteRunner.java:354)
	at org.testng.SuiteRunner.privateRun(SuiteRunner.java:312)
	at org.testng.SuiteRunner.run(SuiteRunner.java:261)
	at org.testng.SuiteRunnerWorker.runSuite(SuiteRunnerWorker.java:52)
	at org.testng.SuiteRunnerWorker.run(SuiteRunnerWorker.java:86)
	at org.testng.TestNG.runSuitesSequentially(TestNG.java:1191)
	at org.testng.TestNG.runSuitesLocally(TestNG.java:1116)
	at org.testng.TestNG.run(TestNG.java:1024)
	at org.apache.maven.surefire.testng.TestNGExecutor.run(TestNGExecutor.java:282)
	at org.apache.maven.surefire.testng.TestNGXmlTestSuite.execute(TestNGXmlTestSuite.java:83)
	at org.apache.maven.surefire.testng.TestNGProvider.invoke(TestNGProvider.java:114)
	at org.apache.maven.surefire.booter.ForkedBooter.invokeProviderInSameClassLoader(ForkedBooter.java:286)
	at org.apache.maven.surefire.booter.ForkedBooter.runSuitesInProcess(ForkedBooter.java:240)
	at org.apache.maven.surefire.booter.ForkedBooter.main(ForkedBooter.java:121)

*****************************************************************************
Dec 01,2015 12:15:22 [info]   Execution Started of Test Class scripts.Orders >> testOrdersSectionForTransfers
*****************************************************************************
Dec 01,2015 12:15:47 [info]  Open the application
Dec 01,2015 12:15:53 [info]  Entered the email
Dec 01,2015 12:15:54 [info]  Clicked on Transfers In tab
Dec 01,2015 12:15:55 [info]  Domain name is entered
Dec 01,2015 12:15:55 [info]  Clicked on Add Domain button
Dec 01,2015 12:15:56 [info]  Domain is added
Dec 01,2015 12:15:56 [info]  Clicked on Transfer to AppDetext Vault button
Dec 01,2015 12:15:58 [info]  Clicked on Initiate The Transfer button
Dec 01,2015 12:16:05 [info]  Verified details present on Orders section

*****************************************************************************
Dec 01,2015 12:16:10 [info]   Execution Started of Test Class scripts.ChangePassword >> testChangePassword
*****************************************************************************
Dec 01,2015 12:16:22 [info]  Open the application
Dec 01,2015 12:16:28 [info]  Admin is loggedin
Dec 01,2015 12:16:33 [info]  Dec 01,2015 12:16:33 [info]  <<<<<<<<<<<<<<<<<<<<<<<<<<<<<<<<<< Error message >>>>>>>>>>>>>>>>>>>>>>>>>>>>>>
org.openqa.selenium.ElementNotVisibleException: Element is not currently visible and so may not be interacted with
Command duration or timeout: 5.08 seconds
Build info: version: '2.48.2', revision: '41bccdd10cf2c0560f637404c2d96164b67d9d67', time: '2015-10-09 13:08:06'
System info: host: 'VireshT-PC', ip: '192.168.6.16', os.name: 'Windows 7', os.arch: 'x86', os.version: '6.1', java.version: '1.7.0_71'
Session ID: 9be03d78-af89-45d5-a136-0fc7252aa288
Driver info: org.openqa.selenium.firefox.FirefoxDriver
Capabilities [{platform=WINDOWS, acceptSslCerts=true, javascriptEnabled=true, cssSelectorsEnabled=true, databaseEnabled=true, browserName=firefox, handlesAlerts=true, nativeEvents=false, webStorageEnabled=true, rotatable=false, locationContextEnabled=true, applicationCacheEnabled=true, takesScreenshot=true, version=38.0.6}]
	at sun.reflect.NativeConstructorAccessorImpl.newInstance0(Native Method)
	at sun.reflect.NativeConstructorAccessorImpl.newInstance(NativeConstructorAccessorImpl.java:57)
	at sun.reflect.DelegatingConstructorAccessorImpl.newInstance(DelegatingConstructorAccessorImpl.java:45)
	at java.lang.reflect.Constructor.newInstance(Constructor.java:526)
	at org.openqa.selenium.remote.ErrorHandler.createThrowable(ErrorHandler.java:206)
	at org.openqa.selenium.remote.ErrorHandler.throwIfResponseFailed(ErrorHandler.java:158)
	at org.openqa.selenium.remote.RemoteWebDriver.execute(RemoteWebDriver.java:647)
	at org.openqa.selenium.remote.RemoteWebElement.execute(RemoteWebElement.java:326)
	at org.openqa.selenium.remote.RemoteWebElement.click(RemoteWebElement.java:84)
	at utils.DriverTestCase.clickOn(DriverTestCase.java:408)
	at scripts.ChangePassword.testChangePassword(ChangePassword.java:38)
	at sun.reflect.NativeMethodAccessorImpl.invoke0(Native Method)
	at sun.reflect.NativeMethodAccessorImpl.invoke(NativeMethodAccessorImpl.java:57)
	at sun.reflect.DelegatingMethodAccessorImpl.invoke(DelegatingMethodAccessorImpl.java:43)
	at java.lang.reflect.Method.invoke(Method.java:606)
	at org.testng.internal.MethodInvocationHelper.invokeMethod(MethodInvocationHelper.java:85)
	at org.testng.internal.Invoker.invokeMethod(Invoker.java:639)
	at org.testng.internal.Invoker.invokeTestMethod(Invoker.java:816)
	at org.testng.internal.Invoker.invokeTestMethods(Invoker.java:1124)
	at org.testng.internal.TestMethodWorker.invokeTestMethods(TestMethodWorker.java:125)
	at org.testng.internal.TestMethodWorker.run(TestMethodWorker.java:108)
	at org.testng.TestRunner.privateRun(TestRunner.java:774)
	at org.testng.TestRunner.run(TestRunner.java:624)
	at org.testng.SuiteRunner.runTest(SuiteRunner.java:359)
	at org.testng.SuiteRunner.runSequentially(SuiteRunner.java:354)
	at org.testng.SuiteRunner.privateRun(SuiteRunner.java:312)
	at org.testng.SuiteRunner.run(SuiteRunner.java:261)
	at org.testng.SuiteRunnerWorker.runSuite(SuiteRunnerWorker.java:52)
	at org.testng.SuiteRunnerWorker.run(SuiteRunnerWorker.java:86)
	at org.testng.TestNG.runSuitesSequentially(TestNG.java:1191)
	at org.testng.TestNG.runSuitesLocally(TestNG.java:1116)
	at org.testng.TestNG.run(TestNG.java:1024)
	at org.apache.maven.surefire.testng.TestNGExecutor.run(TestNGExecutor.java:282)
	at org.apache.maven.surefire.testng.TestNGXmlTestSuite.execute(TestNGXmlTestSuite.java:83)
	at org.apache.maven.surefire.testng.TestNGProvider.invoke(TestNGProvider.java:114)
	at org.apache.maven.surefire.booter.ForkedBooter.invokeProviderInSameClassLoader(ForkedBooter.java:286)
	at org.apache.maven.surefire.booter.ForkedBooter.runSuitesInProcess(ForkedBooter.java:240)
	at org.apache.maven.surefire.booter.ForkedBooter.main(ForkedBooter.java:121)
Caused by: org.openqa.selenium.ElementNotVisibleException: Element is not currently visible and so may not be interacted with
Build info: version: '2.48.2', revision: '41bccdd10cf2c0560f637404c2d96164b67d9d67', time: '2015-10-09 13:08:06'
System info: host: 'VireshT-PC', ip: '192.168.6.16', os.name: 'Windows 7', os.arch: 'x86', os.version: '6.1', java.version: '1.7.0_71'
Driver info: driver.version: unknown
	at <anonymous class>.fxdriver.preconditions.visible(file:///C:/Users/VireshT/AppData/Local/Temp/anonymous4580336619225897290webdriver-profile/extensions/fxdriver@googlecode.com/components/command-processor.js:9981)
	at <anonymous class>.DelayedCommand.prototype.checkPreconditions_(file:///C:/Users/VireshT/AppData/Local/Temp/anonymous4580336619225897290webdriver-profile/extensions/fxdriver@googlecode.com/components/command-processor.js:12517)
	at <anonymous class>.DelayedCommand.prototype.executeInternal_/h(file:///C:/Users/VireshT/AppData/Local/Temp/anonymous4580336619225897290webdriver-profile/extensions/fxdriver@googlecode.com/components/command-processor.js:12534)
	at <anonymous class>.fxdriver.Timer.prototype.setTimeout/<.notify(file:///C:/Users/VireshT/AppData/Local/Temp/anonymous4580336619225897290webdriver-profile/extensions/fxdriver@googlecode.com/components/command-processor.js:621)

*****************************************************************************
Dec 01,2015 12:16:38 [info]   Execution Started of Test Class scripts.Dashboard >> testDashboardSection
*****************************************************************************
Dec 01,2015 12:17:04 [info]  Open the application
Dec 01,2015 12:17:09 [info]  Entered the email
Dec 01,2015 12:17:11 [info]  Clicked on Dashboard tab
Dec 01,2015 12:17:11 [info]  Domain section with Active and Soon Expiring options are present
Dec 01,2015 12:17:11 [info]  Transfers section with In Progress and Action Required options are present
Dec 01,2015 12:17:13 [info]  Logout from the application

*****************************************************************************
Dec 01,2015 12:17:18 [info]   Execution Started of Test Class scripts.Messages >> testMessagesSection
*****************************************************************************
Dec 01,2015 12:17:35 [info]  Open the application
Dec 01,2015 12:17:40 [info]  Entered the email
Dec 01,2015 12:17:42 [info]  Clicked on Dashboard tab
Dec 01,2015 12:17:45 [info]  Domain section with Active and Soon Expiring options are present
Dec 01,2015 12:17:45 [info]  Transfers section with In Progress and Action Required options are present
Dec 01,2015 12:17:48 [info]  Logout from the application

*****************************************************************************
Dec 01,2015 14:03:17 [info]   Execution Started of Test Class scripts.Login >> testUserLogin
*****************************************************************************
Dec 01,2015 14:03:33 [info]  Open the application
Dec 01,2015 14:03:34 [info]  Entered the email
Dec 01,2015 14:03:36 [info]  Entered the password
Dec 01,2015 14:03:39 [info]  Clicked on Login
Dec 01,2015 14:03:41 [info]  User is logged in succesfully
Dec 01,2015 14:03:44 [info]  Logged out from application

*****************************************************************************
Dec 01,2015 14:03:53 [info]   Execution Started of Test Class scripts.SearchDomains >> testSearchDomainsFunctionality
*****************************************************************************
Dec 01,2015 14:04:08 [info]  Open the application
Dec 01,2015 14:04:13 [info]  Entered the email
Dec 01,2015 14:04:14 [info]  Clicked on Searched domain tab
Dec 01,2015 14:04:15 [info]  Domain name entered
Dec 01,2015 14:04:17 [info]  Clicked on Search button
Dec 01,2015 14:04:18 [info]  Verifed domains are displayed according to search criteria
Dec 01,2015 14:04:32 [info]  Clicked on Add button
Dec 01,2015 14:04:32 [info]  Clicked on Cart Icon
Dec 01,2015 14:04:32 [info]  Domain is successfully added to cart
Dec 01,2015 14:04:33 [info]  Delete the added domain
Dec 01,2015 14:04:33 [info]  Verified added domain deleted
Dec 01,2015 14:04:35 [info]  Cart window is closed
Dec 01,2015 14:04:48 [info]  Clicked on Add button
Dec 01,2015 14:04:48 [info]  Clicked on Cart Icon
Dec 01,2015 14:04:49 [info]  Domain is successfully added to cart
Dec 01,2015 14:04:51 [info]  Clicked on Procedd button
Dec 01,2015 14:04:52 [info]  User is on checkout section
Dec 01,2015 14:04:57 [info]  Edit the contact
Dec 01,2015 14:04:57 [info]  Contact is edited
Dec 01,2015 14:04:57 [info]  Clicked on Submit Order button
Dec 01,2015 14:05:02 [info]  Order is submitted
Dec 01,2015 14:05:02 [info]  Clicked on Success Icon
Dec 01,2015 14:05:04 [info]  Domain is present on Domains section
Dec 01,2015 14:05:08 [info]  Domain check box is selected
Dec 01,2015 14:05:09 [info]  Domain is selected and verified
Dec 01,2015 14:05:10 [info]  Domain Auto Renewed is ON
Dec 01,2015 14:05:29 [info]  Enabled WhoIs privacy
Dec 01,2015 14:05:33 [info]  Disabled WhoIs privacy
Dec 01,2015 14:05:35 [info]  Clicked on Domain Contacts link
Dec 01,2015 14:05:37 [info]  Clicked on Change Contacts button
Dec 01,2015 14:05:41 [info]  Select Multiple domains are selected
Dec 01,2015 14:05:43 [info]  Multiple domains are selected

*****************************************************************************
Dec 01,2015 14:05:49 [info]   Execution Started of Test Class scripts.TransferIn >> testDeleteTransfer
*****************************************************************************
Dec 01,2015 14:06:06 [info]  Open the application
Dec 01,2015 14:06:12 [info]  Entered the email
Dec 01,2015 14:06:13 [info]  Clicked on Transfers In tab
Dec 01,2015 14:06:14 [info]  Domain name is entered
Dec 01,2015 14:06:15 [info]  Clicked on Add Domain button
Dec 01,2015 14:06:15 [info]  Domain is added
Dec 01,2015 14:06:15 [info]  Clicked on Transfer to AppDetext Vault button
Dec 01,2015 14:06:17 [info]  Clicked on Initiate The Transfer button
Dec 01,2015 14:06:18 [info]  Selected the transfer domain
Dec 01,2015 14:06:39 [info]  Selected transfer deleted
Dec 01,2015 14:06:44 [info]  Verified deleted transfer details present on Orders section
Dec 01,2015 14:06:47 [info]  Logout from the application

*****************************************************************************
Dec 01,2015 14:06:52 [info]   Execution Started of Test Class scripts.TransferIn >> testTransfersInSection
*****************************************************************************
Dec 01,2015 14:07:06 [info]  Open the application
Dec 01,2015 14:07:11 [info]  Entered the email
Dec 01,2015 14:07:13 [info]  Clicked on Transfers In tab
Dec 01,2015 14:07:14 [info]  Domain name is entered
Dec 01,2015 14:07:14 [info]  Clicked on Add Domain button
Dec 01,2015 14:07:15 [info]  Domain is added
Dec 01,2015 14:07:15 [info]  Delete added domain
Dec 01,2015 14:07:20 [info]  Domain is deleted
Dec 01,2015 14:07:21 [info]  Domain name is entered
Dec 01,2015 14:07:22 [info]  Clicked on Add Domain button
Dec 01,2015 14:07:22 [info]  Domain is added
Dec 01,2015 14:07:22 [info]  Clicked on Transfer to AppDetext Vault button
Dec 01,2015 14:07:25 [info]  Clicked on Initiate The Transfer button
Dec 01,2015 14:07:25 [info]  Selected the transfer domain
Dec 01,2015 14:07:42 [info]  Auth Code Updated
Dec 01,2015 14:07:44 [info]  Logout from the application

*****************************************************************************
Dec 01,2015 14:07:50 [info]   Execution Started of Test Class scripts.AddCustomerAndUser >> testAddCustomerAndUser
*****************************************************************************
Dec 01,2015 14:08:12 [info]  Open the application
Dec 01,2015 14:08:18 [info]  Admin is loggedin
Dec 01,2015 14:08:22 [info]  Customers link is clicked
Dec 01,2015 14:08:25 [info]  Clicked on New Customer button
Dec 01,2015 14:08:42 [info]  All the required details are entered
Dec 01,2015 14:08:44 [info]  New customer is added
Dec 01,2015 14:08:45 [info]  Added new customer is selected
Dec 01,2015 14:08:49 [info]  User section is now opened
Dec 01,2015 14:08:50 [info]  Clicked on New User button
Dec 01,2015 14:09:13 [info]  User details are added with Customer All role
Dec 01,2015 14:09:15 [info]  New user is created and verified
Dec 01,2015 14:09:17 [info]  Logout from the application
Dec 01,2015 14:09:20 [info]  Logged in as new user
Dec 01,2015 14:09:28 [info]  Users section is opened
Dec 01,2015 14:09:29 [info]  User checkbox is selected
Dec 01,2015 14:09:31 [info]  Edit the user details
Dec 01,2015 14:09:32 [info]  User details are edited and verified
Dec 01,2015 14:09:47 [info]  Enabled Two Step Authentication
Dec 01,2015 14:09:50 [info]  Logout from the application
Dec 01,2015 14:09:53 [info]  Logged in as new user
Dec 01,2015 14:09:53 [info]  Two Step Authentication page is opened

*****************************************************************************
Dec 01,2015 14:10:00 [info]   Execution Started of Test Class scripts.ResetPassword >> testResetPassword
*****************************************************************************
Dec 01,2015 14:10:28 [info]  Open the application
Dec 01,2015 14:10:33 [info]  Admin is loggedin
Dec 01,2015 14:10:37 [info]  User section is now opened
Dec 01,2015 14:10:39 [info]  Clicked on New User button
Dec 01,2015 14:11:01 [info]  User details are added with Customer All role
Dec 01,2015 14:11:03 [info]  New user is created and verified
Dec 01,2015 14:11:05 [info]  Logout from the application
Dec 01,2015 14:11:20 [info]  Password is reset and email is sent
Dec 01,2015 14:12:34 [info]  Dec 01,2015 14:12:34 [info]  <<<<<<<<<<<<<<<<<<<<<<<<<<<<<<<<<< Error message >>>>>>>>>>>>>>>>>>>>>>>>>>>>>>
java.lang.AssertionError: //a[@rel='nofollow'] is not present in given wait time.
	at org.testng.Assert.fail(Assert.java:94)
	at utils.DriverHelper.WaitForElementPresent(DriverHelper.java:88)
	at utils.DriverHelper.getText(DriverHelper.java:266)
	at pagehelpers.ResetPasswordHelper.changePassword(ResetPasswordHelper.java:44)
	at scripts.ResetPassword.testResetPassword(ResetPassword.java:64)
	at sun.reflect.NativeMethodAccessorImpl.invoke0(Native Method)
	at sun.reflect.NativeMethodAccessorImpl.invoke(NativeMethodAccessorImpl.java:57)
	at sun.reflect.DelegatingMethodAccessorImpl.invoke(DelegatingMethodAccessorImpl.java:43)
	at java.lang.reflect.Method.invoke(Method.java:606)
	at org.testng.internal.MethodInvocationHelper.invokeMethod(MethodInvocationHelper.java:85)
	at org.testng.internal.Invoker.invokeMethod(Invoker.java:639)
	at org.testng.internal.Invoker.invokeTestMethod(Invoker.java:816)
	at org.testng.internal.Invoker.invokeTestMethods(Invoker.java:1124)
	at org.testng.internal.TestMethodWorker.invokeTestMethods(TestMethodWorker.java:125)
	at org.testng.internal.TestMethodWorker.run(TestMethodWorker.java:108)
	at org.testng.TestRunner.privateRun(TestRunner.java:774)
	at org.testng.TestRunner.run(TestRunner.java:624)
	at org.testng.SuiteRunner.runTest(SuiteRunner.java:359)
	at org.testng.SuiteRunner.runSequentially(SuiteRunner.java:354)
	at org.testng.SuiteRunner.privateRun(SuiteRunner.java:312)
	at org.testng.SuiteRunner.run(SuiteRunner.java:261)
	at org.testng.SuiteRunnerWorker.runSuite(SuiteRunnerWorker.java:52)
	at org.testng.SuiteRunnerWorker.run(SuiteRunnerWorker.java:86)
	at org.testng.TestNG.runSuitesSequentially(TestNG.java:1191)
	at org.testng.TestNG.runSuitesLocally(TestNG.java:1116)
	at org.testng.TestNG.run(TestNG.java:1024)
	at org.apache.maven.surefire.testng.TestNGExecutor.run(TestNGExecutor.java:282)
	at org.apache.maven.surefire.testng.TestNGXmlTestSuite.execute(TestNGXmlTestSuite.java:83)
	at org.apache.maven.surefire.testng.TestNGProvider.invoke(TestNGProvider.java:114)
	at org.apache.maven.surefire.booter.ForkedBooter.invokeProviderInSameClassLoader(ForkedBooter.java:286)
	at org.apache.maven.surefire.booter.ForkedBooter.runSuitesInProcess(ForkedBooter.java:240)
	at org.apache.maven.surefire.booter.ForkedBooter.main(ForkedBooter.java:121)

*****************************************************************************
Dec 01,2015 14:12:40 [info]   Execution Started of Test Class scripts.WhoISSearchAndLegalLinks >> testWhoISSearchAndLegalLinks
*****************************************************************************
Dec 01,2015 14:12:47 [info]  Open the application
Dec 01,2015 14:12:53 [info]  Entered the email
Dec 01,2015 14:12:54 [info]  Clicked on Searched domain tab
Dec 01,2015 14:12:55 [info]  Domain name entered
Dec 01,2015 14:12:57 [info]  Clicked on Search button
Dec 01,2015 14:12:58 [info]  Verifed domains are displayed according to search criteria
Dec 01,2015 14:13:11 [info]  Clicked on Add button
Dec 01,2015 14:13:12 [info]  Clicked on Cart Icon
Dec 01,2015 14:13:12 [info]  Domain is successfully added to cart
Dec 01,2015 14:13:15 [info]  Clicked on Procedd button
Dec 01,2015 14:13:15 [info]  User is on checkout section
Dec 01,2015 14:13:15 [info]  Clicked on Submit Order button
Dec 01,2015 14:13:20 [info]  Order is submitted
Dec 01,2015 14:13:20 [info]  Clicked on Success Icon
Dec 01,2015 14:13:22 [info]  Domain is present on Domains section
Dec 01,2015 14:14:24 [info]  Dec 01,2015 14:14:24 [info]  <<<<<<<<<<<<<<<<<<<<<<<<<<<<<<<<<< Error message >>>>>>>>>>>>>>>>>>>>>>>>>>>>>>
java.lang.AssertionError: //a[contains(.,'Whois Search')] is not present in given wait time.
	at org.testng.Assert.fail(Assert.java:94)
	at utils.DriverHelper.WaitForElementPresent(DriverHelper.java:88)
	at utils.DriverHelper.clickOn(DriverHelper.java:220)
	at pagehelpers.FooterHelper.whoISSearchWithDisableWhoIsPrivacy(FooterHelper.java:26)
	at scripts.WhoISSearchAndLegalLinks.testWhoISSearchAndLegalLinks(WhoISSearchAndLegalLinks.java:95)
	at sun.reflect.NativeMethodAccessorImpl.invoke0(Native Method)
	at sun.reflect.NativeMethodAccessorImpl.invoke(NativeMethodAccessorImpl.java:57)
	at sun.reflect.DelegatingMethodAccessorImpl.invoke(DelegatingMethodAccessorImpl.java:43)
	at java.lang.reflect.Method.invoke(Method.java:606)
	at org.testng.internal.MethodInvocationHelper.invokeMethod(MethodInvocationHelper.java:85)
	at org.testng.internal.Invoker.invokeMethod(Invoker.java:639)
	at org.testng.internal.Invoker.invokeTestMethod(Invoker.java:816)
	at org.testng.internal.Invoker.invokeTestMethods(Invoker.java:1124)
	at org.testng.internal.TestMethodWorker.invokeTestMethods(TestMethodWorker.java:125)
	at org.testng.internal.TestMethodWorker.run(TestMethodWorker.java:108)
	at org.testng.TestRunner.privateRun(TestRunner.java:774)
	at org.testng.TestRunner.run(TestRunner.java:624)
	at org.testng.SuiteRunner.runTest(SuiteRunner.java:359)
	at org.testng.SuiteRunner.runSequentially(SuiteRunner.java:354)
	at org.testng.SuiteRunner.privateRun(SuiteRunner.java:312)
	at org.testng.SuiteRunner.run(SuiteRunner.java:261)
	at org.testng.SuiteRunnerWorker.runSuite(SuiteRunnerWorker.java:52)
	at org.testng.SuiteRunnerWorker.run(SuiteRunnerWorker.java:86)
	at org.testng.TestNG.runSuitesSequentially(TestNG.java:1191)
	at org.testng.TestNG.runSuitesLocally(TestNG.java:1116)
	at org.testng.TestNG.run(TestNG.java:1024)
	at org.apache.maven.surefire.testng.TestNGExecutor.run(TestNGExecutor.java:282)
	at org.apache.maven.surefire.testng.TestNGXmlTestSuite.execute(TestNGXmlTestSuite.java:83)
	at org.apache.maven.surefire.testng.TestNGProvider.invoke(TestNGProvider.java:114)
	at org.apache.maven.surefire.booter.ForkedBooter.invokeProviderInSameClassLoader(ForkedBooter.java:286)
	at org.apache.maven.surefire.booter.ForkedBooter.runSuitesInProcess(ForkedBooter.java:240)
	at org.apache.maven.surefire.booter.ForkedBooter.main(ForkedBooter.java:121)

*****************************************************************************
Dec 01,2015 14:14:29 [info]   Execution Started of Test Class scripts.Orders >> testOrdersSectionForDomains
*****************************************************************************
Dec 01,2015 14:14:38 [info]  Open the application
Dec 01,2015 14:14:43 [info]  Entered the email
Dec 01,2015 14:14:45 [info]  Clicked on Searched domain tab
Dec 01,2015 14:14:46 [info]  Domain name entered
Dec 01,2015 14:14:48 [info]  Clicked on Search button
Dec 01,2015 14:14:49 [info]  Verifed domains are displayed according to search criteria
Dec 01,2015 14:15:02 [info]  Clicked on Add button
Dec 01,2015 14:15:03 [info]  Clicked on Cart Icon
Dec 01,2015 14:15:03 [info]  Domain is successfully added to cart
Dec 01,2015 14:15:06 [info]  Clicked on Procedd button
Dec 01,2015 14:15:06 [info]  User is on checkout section
Dec 01,2015 14:15:06 [info]  Clicked on Submit Order button
Dec 01,2015 14:15:10 [info]  Order is submitted
Dec 01,2015 14:15:11 [info]  Clicked on Success Icon
Dec 01,2015 14:15:16 [info]  Dec 01,2015 14:15:16 [info]  <<<<<<<<<<<<<<<<<<<<<<<<<<<<<<<<<< Error message >>>>>>>>>>>>>>>>>>>>>>>>>>>>>>
java.lang.AssertionError: expected [test16411130.info] but found [testdomain572474.info]
	at org.testng.Assert.fail(Assert.java:94)
	at org.testng.Assert.failNotEquals(Assert.java:496)
	at org.testng.Assert.assertEquals(Assert.java:125)
	at org.testng.Assert.assertEquals(Assert.java:178)
	at org.testng.Assert.assertEquals(Assert.java:188)
	at pagehelpers.OrdersHelper.verifyOrderDetails(OrdersHelper.java:37)
	at scripts.Orders.testOrdersSectionForDomains(Orders.java:92)
	at sun.reflect.NativeMethodAccessorImpl.invoke0(Native Method)
	at sun.reflect.NativeMethodAccessorImpl.invoke(NativeMethodAccessorImpl.java:57)
	at sun.reflect.DelegatingMethodAccessorImpl.invoke(DelegatingMethodAccessorImpl.java:43)
	at java.lang.reflect.Method.invoke(Method.java:606)
	at org.testng.internal.MethodInvocationHelper.invokeMethod(MethodInvocationHelper.java:85)
	at org.testng.internal.Invoker.invokeMethod(Invoker.java:639)
	at org.testng.internal.Invoker.invokeTestMethod(Invoker.java:816)
	at org.testng.internal.Invoker.invokeTestMethods(Invoker.java:1124)
	at org.testng.internal.TestMethodWorker.invokeTestMethods(TestMethodWorker.java:125)
	at org.testng.internal.TestMethodWorker.run(TestMethodWorker.java:108)
	at org.testng.TestRunner.privateRun(TestRunner.java:774)
	at org.testng.TestRunner.run(TestRunner.java:624)
	at org.testng.SuiteRunner.runTest(SuiteRunner.java:359)
	at org.testng.SuiteRunner.runSequentially(SuiteRunner.java:354)
	at org.testng.SuiteRunner.privateRun(SuiteRunner.java:312)
	at org.testng.SuiteRunner.run(SuiteRunner.java:261)
	at org.testng.SuiteRunnerWorker.runSuite(SuiteRunnerWorker.java:52)
	at org.testng.SuiteRunnerWorker.run(SuiteRunnerWorker.java:86)
	at org.testng.TestNG.runSuitesSequentially(TestNG.java:1191)
	at org.testng.TestNG.runSuitesLocally(TestNG.java:1116)
	at org.testng.TestNG.run(TestNG.java:1024)
	at org.apache.maven.surefire.testng.TestNGExecutor.run(TestNGExecutor.java:282)
	at org.apache.maven.surefire.testng.TestNGXmlTestSuite.execute(TestNGXmlTestSuite.java:83)
	at org.apache.maven.surefire.testng.TestNGProvider.invoke(TestNGProvider.java:114)
	at org.apache.maven.surefire.booter.ForkedBooter.invokeProviderInSameClassLoader(ForkedBooter.java:286)
	at org.apache.maven.surefire.booter.ForkedBooter.runSuitesInProcess(ForkedBooter.java:240)
	at org.apache.maven.surefire.booter.ForkedBooter.main(ForkedBooter.java:121)

*****************************************************************************
Dec 01,2015 14:15:21 [info]   Execution Started of Test Class scripts.Orders >> testOrdersSectionForTransfers
*****************************************************************************
Dec 01,2015 14:15:26 [info]  Open the application
Dec 01,2015 14:15:32 [info]  Entered the email
Dec 01,2015 14:15:33 [info]  Clicked on Transfers In tab
Dec 01,2015 14:15:34 [info]  Domain name is entered
Dec 01,2015 14:15:35 [info]  Clicked on Add Domain button
Dec 01,2015 14:15:35 [info]  Domain is added
Dec 01,2015 14:15:35 [info]  Clicked on Transfer to AppDetext Vault button
Dec 01,2015 14:15:38 [info]  Clicked on Initiate The Transfer button
Dec 01,2015 14:15:42 [info]  Verified details present on Orders section

*****************************************************************************
Dec 01,2015 14:15:48 [info]   Execution Started of Test Class scripts.ChangePassword >> testChangePassword
*****************************************************************************
Dec 01,2015 14:15:56 [info]  Open the application
Dec 01,2015 14:16:01 [info]  Admin is loggedin
Dec 01,2015 14:16:04 [info]  Clicked on Change Password link
Dec 01,2015 14:16:19 [info]  Password is changed
Dec 01,2015 14:16:25 [info]  Logout from the application
Dec 01,2015 14:16:29 [info]  User logged in with new password
Dec 01,2015 14:16:29 [info]  Verified user logged in with changed password

*****************************************************************************
Dec 01,2015 14:16:34 [info]   Execution Started of Test Class scripts.Dashboard >> testDashboardSection
*****************************************************************************
Dec 01,2015 14:16:52 [info]  Open the application
Dec 01,2015 14:16:57 [info]  Entered the email
Dec 01,2015 14:16:58 [info]  Clicked on Dashboard tab
Dec 01,2015 14:16:58 [info]  Domain section with Active and Soon Expiring options are present
Dec 01,2015 14:16:59 [info]  Transfers section with In Progress and Action Required options are present
Dec 01,2015 14:17:01 [info]  Logout from the application

*****************************************************************************
Dec 01,2015 14:17:06 [info]   Execution Started of Test Class scripts.Messages >> testMessagesSection
*****************************************************************************
Dec 01,2015 14:17:19 [info]  Open the application
Dec 01,2015 14:17:24 [info]  Entered the email
Dec 01,2015 14:17:26 [info]  Clicked on Dashboard tab
Dec 01,2015 14:17:28 [info]  Domain section with Active and Soon Expiring options are present
Dec 01,2015 14:17:29 [info]  Transfers section with In Progress and Action Required options are present
Dec 01,2015 14:17:31 [info]  Logout from the application

*****************************************************************************
Dec 01,2015 15:32:16 [info]   Execution Started of Test Class scripts.Login >> testUserLogin
*****************************************************************************
Dec 01,2015 15:32:29 [info]  Open the application
Dec 01,2015 15:33:30 [info]  Dec 01,2015 15:33:30 [info]  <<<<<<<<<<<<<<<<<<<<<<<<<<<<<<<<<< Error message >>>>>>>>>>>>>>>>>>>>>>>>>>>>>>
java.lang.AssertionError: //input[@name='email1'] is not present in given wait time.
	at org.testng.Assert.fail(Assert.java:94)
	at utils.DriverHelper.WaitForElementPresent(DriverHelper.java:88)
	at pagehelpers.LoginHelper.enterEmail(LoginHelper.java:23)
	at scripts.Login.testUserLogin(Login.java:31)
	at sun.reflect.NativeMethodAccessorImpl.invoke0(Native Method)
	at sun.reflect.NativeMethodAccessorImpl.invoke(NativeMethodAccessorImpl.java:57)
	at sun.reflect.DelegatingMethodAccessorImpl.invoke(DelegatingMethodAccessorImpl.java:43)
	at java.lang.reflect.Method.invoke(Method.java:606)
	at org.testng.internal.MethodInvocationHelper.invokeMethod(MethodInvocationHelper.java:85)
	at org.testng.internal.Invoker.invokeMethod(Invoker.java:639)
	at org.testng.internal.Invoker.invokeTestMethod(Invoker.java:816)
	at org.testng.internal.Invoker.invokeTestMethods(Invoker.java:1124)
	at org.testng.internal.TestMethodWorker.invokeTestMethods(TestMethodWorker.java:125)
	at org.testng.internal.TestMethodWorker.run(TestMethodWorker.java:108)
	at org.testng.TestRunner.privateRun(TestRunner.java:774)
	at org.testng.TestRunner.run(TestRunner.java:624)
	at org.testng.SuiteRunner.runTest(SuiteRunner.java:359)
	at org.testng.SuiteRunner.runSequentially(SuiteRunner.java:354)
	at org.testng.SuiteRunner.privateRun(SuiteRunner.java:312)
	at org.testng.SuiteRunner.run(SuiteRunner.java:261)
	at org.testng.SuiteRunnerWorker.runSuite(SuiteRunnerWorker.java:52)
	at org.testng.SuiteRunnerWorker.run(SuiteRunnerWorker.java:86)
	at org.testng.TestNG.runSuitesSequentially(TestNG.java:1191)
	at org.testng.TestNG.runSuitesLocally(TestNG.java:1116)
	at org.testng.TestNG.run(TestNG.java:1024)
	at org.apache.maven.surefire.testng.TestNGExecutor.run(TestNGExecutor.java:282)
	at org.apache.maven.surefire.testng.TestNGXmlTestSuite.execute(TestNGXmlTestSuite.java:83)
	at org.apache.maven.surefire.testng.TestNGProvider.invoke(TestNGProvider.java:114)
	at org.apache.maven.surefire.booter.ForkedBooter.invokeProviderInSameClassLoader(ForkedBooter.java:286)
	at org.apache.maven.surefire.booter.ForkedBooter.runSuitesInProcess(ForkedBooter.java:240)
	at org.apache.maven.surefire.booter.ForkedBooter.main(ForkedBooter.java:121)

*****************************************************************************
Dec 01,2015 15:38:48 [info]   Execution Started of Test Class scripts.Login >> testUserLogin
*****************************************************************************
Dec 01,2015 15:39:04 [info]  Open the application
Dec 01,2015 15:39:05 [info]  Entered the email
Dec 01,2015 15:39:07 [info]  Entered the password
Dec 01,2015 15:39:09 [info]  Clicked on Login
Dec 01,2015 15:39:10 [info]  User is logged in succesfully
Dec 01,2015 15:39:12 [info]  Logged out from application

*****************************************************************************
Dec 01,2015 15:41:35 [info]   Execution Started of Test Class scripts.Login >> testUserLogin
*****************************************************************************
Dec 01,2015 15:41:46 [info]  Open the application
Dec 01,2015 15:42:46 [info]  Dec 01,2015 15:42:46 [info]  <<<<<<<<<<<<<<<<<<<<<<<<<<<<<<<<<< Error message >>>>>>>>>>>>>>>>>>>>>>>>>>>>>>
java.lang.AssertionError: //input[@name='email1'] is not present in given wait time.
	at org.testng.Assert.fail(Assert.java:94)
	at utils.DriverHelper.WaitForElementPresent(DriverHelper.java:88)
	at pagehelpers.LoginHelper.enterEmail(LoginHelper.java:23)
	at scripts.Login.testUserLogin(Login.java:31)
	at sun.reflect.NativeMethodAccessorImpl.invoke0(Native Method)
	at sun.reflect.NativeMethodAccessorImpl.invoke(NativeMethodAccessorImpl.java:57)
	at sun.reflect.DelegatingMethodAccessorImpl.invoke(DelegatingMethodAccessorImpl.java:43)
	at java.lang.reflect.Method.invoke(Method.java:606)
	at org.testng.internal.MethodInvocationHelper.invokeMethod(MethodInvocationHelper.java:85)
	at org.testng.internal.Invoker.invokeMethod(Invoker.java:639)
	at org.testng.internal.Invoker.invokeTestMethod(Invoker.java:816)
	at org.testng.internal.Invoker.invokeTestMethods(Invoker.java:1124)
	at org.testng.internal.TestMethodWorker.invokeTestMethods(TestMethodWorker.java:125)
	at org.testng.internal.TestMethodWorker.run(TestMethodWorker.java:108)
	at org.testng.TestRunner.privateRun(TestRunner.java:774)
	at org.testng.TestRunner.run(TestRunner.java:624)
	at org.testng.SuiteRunner.runTest(SuiteRunner.java:359)
	at org.testng.SuiteRunner.runSequentially(SuiteRunner.java:354)
	at org.testng.SuiteRunner.privateRun(SuiteRunner.java:312)
	at org.testng.SuiteRunner.run(SuiteRunner.java:261)
	at org.testng.SuiteRunnerWorker.runSuite(SuiteRunnerWorker.java:52)
	at org.testng.SuiteRunnerWorker.run(SuiteRunnerWorker.java:86)
	at org.testng.TestNG.runSuitesSequentially(TestNG.java:1191)
	at org.testng.TestNG.runSuitesLocally(TestNG.java:1116)
	at org.testng.TestNG.run(TestNG.java:1024)
	at org.apache.maven.surefire.testng.TestNGExecutor.run(TestNGExecutor.java:282)
	at org.apache.maven.surefire.testng.TestNGXmlTestSuite.execute(TestNGXmlTestSuite.java:83)
	at org.apache.maven.surefire.testng.TestNGProvider.invoke(TestNGProvider.java:114)
	at org.apache.maven.surefire.booter.ForkedBooter.invokeProviderInSameClassLoader(ForkedBooter.java:286)
	at org.apache.maven.surefire.booter.ForkedBooter.runSuitesInProcess(ForkedBooter.java:240)
	at org.apache.maven.surefire.booter.ForkedBooter.main(ForkedBooter.java:121)

*****************************************************************************
Dec 01,2015 15:43:35 [info]   Execution Started of Test Class scripts.Login >> testUserLogin
*****************************************************************************
Dec 01,2015 15:43:45 [info]  Open the application
Dec 01,2015 15:44:45 [info]  Dec 01,2015 15:44:45 [info]  <<<<<<<<<<<<<<<<<<<<<<<<<<<<<<<<<< Error message >>>>>>>>>>>>>>>>>>>>>>>>>>>>>>
java.lang.AssertionError: //input[@name='email1'] is not present in given wait time.
	at org.testng.Assert.fail(Assert.java:94)
	at utils.DriverHelper.WaitForElementPresent(DriverHelper.java:88)
	at pagehelpers.LoginHelper.enterEmail(LoginHelper.java:23)
	at scripts.Login.testUserLogin(Login.java:31)
	at sun.reflect.NativeMethodAccessorImpl.invoke0(Native Method)
	at sun.reflect.NativeMethodAccessorImpl.invoke(NativeMethodAccessorImpl.java:57)
	at sun.reflect.DelegatingMethodAccessorImpl.invoke(DelegatingMethodAccessorImpl.java:43)
	at java.lang.reflect.Method.invoke(Method.java:606)
	at org.testng.internal.MethodInvocationHelper.invokeMethod(MethodInvocationHelper.java:85)
	at org.testng.internal.Invoker.invokeMethod(Invoker.java:639)
	at org.testng.internal.Invoker.invokeTestMethod(Invoker.java:816)
	at org.testng.internal.Invoker.invokeTestMethods(Invoker.java:1124)
	at org.testng.internal.TestMethodWorker.invokeTestMethods(TestMethodWorker.java:125)
	at org.testng.internal.TestMethodWorker.run(TestMethodWorker.java:108)
	at org.testng.TestRunner.privateRun(TestRunner.java:774)
	at org.testng.TestRunner.run(TestRunner.java:624)
	at org.testng.SuiteRunner.runTest(SuiteRunner.java:359)
	at org.testng.SuiteRunner.runSequentially(SuiteRunner.java:354)
	at org.testng.SuiteRunner.privateRun(SuiteRunner.java:312)
	at org.testng.SuiteRunner.run(SuiteRunner.java:261)
	at org.testng.SuiteRunnerWorker.runSuite(SuiteRunnerWorker.java:52)
	at org.testng.SuiteRunnerWorker.run(SuiteRunnerWorker.java:86)
	at org.testng.TestNG.runSuitesSequentially(TestNG.java:1191)
	at org.testng.TestNG.runSuitesLocally(TestNG.java:1116)
	at org.testng.TestNG.run(TestNG.java:1024)
	at org.apache.maven.surefire.testng.TestNGExecutor.run(TestNGExecutor.java:282)
	at org.apache.maven.surefire.testng.TestNGXmlTestSuite.execute(TestNGXmlTestSuite.java:83)
	at org.apache.maven.surefire.testng.TestNGProvider.invoke(TestNGProvider.java:114)
	at org.apache.maven.surefire.booter.ForkedBooter.invokeProviderInSameClassLoader(ForkedBooter.java:286)
	at org.apache.maven.surefire.booter.ForkedBooter.runSuitesInProcess(ForkedBooter.java:240)
	at org.apache.maven.surefire.booter.ForkedBooter.main(ForkedBooter.java:121)

*****************************************************************************
Dec 01,2015 15:46:21 [info]   Execution Started of Test Class scripts.Login >> testUserLogin
*****************************************************************************
Dec 01,2015 15:46:39 [info]  Open the application
Dec 01,2015 15:47:39 [info]  Dec 01,2015 15:47:39 [info]  <<<<<<<<<<<<<<<<<<<<<<<<<<<<<<<<<< Error message >>>>>>>>>>>>>>>>>>>>>>>>>>>>>>
java.lang.AssertionError: //input[@name='email1'] is not present in given wait time.
	at org.testng.Assert.fail(Assert.java:94)
	at utils.DriverHelper.WaitForElementPresent(DriverHelper.java:88)
	at pagehelpers.LoginHelper.enterEmail(LoginHelper.java:23)
	at scripts.Login.testUserLogin(Login.java:31)
	at sun.reflect.NativeMethodAccessorImpl.invoke0(Native Method)
	at sun.reflect.NativeMethodAccessorImpl.invoke(NativeMethodAccessorImpl.java:57)
	at sun.reflect.DelegatingMethodAccessorImpl.invoke(DelegatingMethodAccessorImpl.java:43)
	at java.lang.reflect.Method.invoke(Method.java:606)
	at org.testng.internal.MethodInvocationHelper.invokeMethod(MethodInvocationHelper.java:85)
	at org.testng.internal.Invoker.invokeMethod(Invoker.java:639)
	at org.testng.internal.Invoker.invokeTestMethod(Invoker.java:816)
	at org.testng.internal.Invoker.invokeTestMethods(Invoker.java:1124)
	at org.testng.internal.TestMethodWorker.invokeTestMethods(TestMethodWorker.java:125)
	at org.testng.internal.TestMethodWorker.run(TestMethodWorker.java:108)
	at org.testng.TestRunner.privateRun(TestRunner.java:774)
	at org.testng.TestRunner.run(TestRunner.java:624)
	at org.testng.SuiteRunner.runTest(SuiteRunner.java:359)
	at org.testng.SuiteRunner.runSequentially(SuiteRunner.java:354)
	at org.testng.SuiteRunner.privateRun(SuiteRunner.java:312)
	at org.testng.SuiteRunner.run(SuiteRunner.java:261)
	at org.testng.SuiteRunnerWorker.runSuite(SuiteRunnerWorker.java:52)
	at org.testng.SuiteRunnerWorker.run(SuiteRunnerWorker.java:86)
	at org.testng.TestNG.runSuitesSequentially(TestNG.java:1191)
	at org.testng.TestNG.runSuitesLocally(TestNG.java:1116)
	at org.testng.TestNG.run(TestNG.java:1024)
	at org.apache.maven.surefire.testng.TestNGExecutor.run(TestNGExecutor.java:282)
	at org.apache.maven.surefire.testng.TestNGXmlTestSuite.execute(TestNGXmlTestSuite.java:83)
	at org.apache.maven.surefire.testng.TestNGProvider.invoke(TestNGProvider.java:114)
	at org.apache.maven.surefire.booter.ForkedBooter.invokeProviderInSameClassLoader(ForkedBooter.java:286)
	at org.apache.maven.surefire.booter.ForkedBooter.runSuitesInProcess(ForkedBooter.java:240)
	at org.apache.maven.surefire.booter.ForkedBooter.main(ForkedBooter.java:121)

*****************************************************************************
Dec 01,2015 15:48:37 [info]   Execution Started of Test Class scripts.Login >> testUserLogin
*****************************************************************************
Dec 01,2015 15:48:43 [info]  Open the application
Dec 01,2015 15:49:43 [info]  Dec 01,2015 15:49:43 [info]  <<<<<<<<<<<<<<<<<<<<<<<<<<<<<<<<<< Error message >>>>>>>>>>>>>>>>>>>>>>>>>>>>>>
java.lang.AssertionError: //input[@name='email1'] is not present in given wait time.
	at org.testng.Assert.fail(Assert.java:94)
	at utils.DriverHelper.WaitForElementPresent(DriverHelper.java:88)
	at pagehelpers.LoginHelper.enterEmail(LoginHelper.java:23)
	at scripts.Login.testUserLogin(Login.java:31)
	at sun.reflect.NativeMethodAccessorImpl.invoke0(Native Method)
	at sun.reflect.NativeMethodAccessorImpl.invoke(NativeMethodAccessorImpl.java:57)
	at sun.reflect.DelegatingMethodAccessorImpl.invoke(DelegatingMethodAccessorImpl.java:43)
	at java.lang.reflect.Method.invoke(Method.java:606)
	at org.testng.internal.MethodInvocationHelper.invokeMethod(MethodInvocationHelper.java:85)
	at org.testng.internal.Invoker.invokeMethod(Invoker.java:639)
	at org.testng.internal.Invoker.invokeTestMethod(Invoker.java:816)
	at org.testng.internal.Invoker.invokeTestMethods(Invoker.java:1124)
	at org.testng.internal.TestMethodWorker.invokeTestMethods(TestMethodWorker.java:125)
	at org.testng.internal.TestMethodWorker.run(TestMethodWorker.java:108)
	at org.testng.TestRunner.privateRun(TestRunner.java:774)
	at org.testng.TestRunner.run(TestRunner.java:624)
	at org.testng.SuiteRunner.runTest(SuiteRunner.java:359)
	at org.testng.SuiteRunner.runSequentially(SuiteRunner.java:354)
	at org.testng.SuiteRunner.privateRun(SuiteRunner.java:312)
	at org.testng.SuiteRunner.run(SuiteRunner.java:261)
	at org.testng.SuiteRunnerWorker.runSuite(SuiteRunnerWorker.java:52)
	at org.testng.SuiteRunnerWorker.run(SuiteRunnerWorker.java:86)
	at org.testng.TestNG.runSuitesSequentially(TestNG.java:1191)
	at org.testng.TestNG.runSuitesLocally(TestNG.java:1116)
	at org.testng.TestNG.run(TestNG.java:1024)
	at org.apache.maven.surefire.testng.TestNGExecutor.run(TestNGExecutor.java:282)
	at org.apache.maven.surefire.testng.TestNGXmlTestSuite.execute(TestNGXmlTestSuite.java:83)
	at org.apache.maven.surefire.testng.TestNGProvider.invoke(TestNGProvider.java:114)
	at org.apache.maven.surefire.booter.ForkedBooter.invokeProviderInSameClassLoader(ForkedBooter.java:286)
	at org.apache.maven.surefire.booter.ForkedBooter.runSuitesInProcess(ForkedBooter.java:240)
	at org.apache.maven.surefire.booter.ForkedBooter.main(ForkedBooter.java:121)

*****************************************************************************
Dec 01,2015 16:28:59 [info]   Execution Started of Test Class scripts.Login >> testUserLogin
*****************************************************************************
Dec 01,2015 16:29:07 [info]  Open the application
Dec 01,2015 16:30:08 [info]  Dec 01,2015 16:30:08 [info]  <<<<<<<<<<<<<<<<<<<<<<<<<<<<<<<<<< Error message >>>>>>>>>>>>>>>>>>>>>>>>>>>>>>
java.lang.AssertionError: //input[@name='email1'] is not present in given wait time.
	at org.testng.Assert.fail(Assert.java:94)
	at utils.DriverHelper.WaitForElementPresent(DriverHelper.java:88)
	at pagehelpers.LoginHelper.enterEmail(LoginHelper.java:23)
	at scripts.Login.testUserLogin(Login.java:31)
	at sun.reflect.NativeMethodAccessorImpl.invoke0(Native Method)
	at sun.reflect.NativeMethodAccessorImpl.invoke(NativeMethodAccessorImpl.java:57)
	at sun.reflect.DelegatingMethodAccessorImpl.invoke(DelegatingMethodAccessorImpl.java:43)
	at java.lang.reflect.Method.invoke(Method.java:606)
	at org.testng.internal.MethodInvocationHelper.invokeMethod(MethodInvocationHelper.java:85)
	at org.testng.internal.Invoker.invokeMethod(Invoker.java:639)
	at org.testng.internal.Invoker.invokeTestMethod(Invoker.java:816)
	at org.testng.internal.Invoker.invokeTestMethods(Invoker.java:1124)
	at org.testng.internal.TestMethodWorker.invokeTestMethods(TestMethodWorker.java:125)
	at org.testng.internal.TestMethodWorker.run(TestMethodWorker.java:108)
	at org.testng.TestRunner.privateRun(TestRunner.java:774)
	at org.testng.TestRunner.run(TestRunner.java:624)
	at org.testng.SuiteRunner.runTest(SuiteRunner.java:359)
	at org.testng.SuiteRunner.runSequentially(SuiteRunner.java:354)
	at org.testng.SuiteRunner.privateRun(SuiteRunner.java:312)
	at org.testng.SuiteRunner.run(SuiteRunner.java:261)
	at org.testng.SuiteRunnerWorker.runSuite(SuiteRunnerWorker.java:52)
	at org.testng.SuiteRunnerWorker.run(SuiteRunnerWorker.java:86)
	at org.testng.TestNG.runSuitesSequentially(TestNG.java:1191)
	at org.testng.TestNG.runSuitesLocally(TestNG.java:1116)
	at org.testng.TestNG.run(TestNG.java:1024)
	at org.apache.maven.surefire.testng.TestNGExecutor.run(TestNGExecutor.java:282)
	at org.apache.maven.surefire.testng.TestNGXmlTestSuite.execute(TestNGXmlTestSuite.java:83)
	at org.apache.maven.surefire.testng.TestNGProvider.invoke(TestNGProvider.java:114)
	at org.apache.maven.surefire.booter.ForkedBooter.invokeProviderInSameClassLoader(ForkedBooter.java:286)
	at org.apache.maven.surefire.booter.ForkedBooter.runSuitesInProcess(ForkedBooter.java:240)
	at org.apache.maven.surefire.booter.ForkedBooter.main(ForkedBooter.java:121)

*****************************************************************************
Dec 01,2015 16:31:25 [info]   Execution Started of Test Class scripts.Login >> testUserLogin
*****************************************************************************
Dec 01,2015 16:31:42 [info]  Open the application
Dec 01,2015 16:32:43 [info]  Dec 01,2015 16:32:43 [info]  <<<<<<<<<<<<<<<<<<<<<<<<<<<<<<<<<< Error message >>>>>>>>>>>>>>>>>>>>>>>>>>>>>>
java.lang.AssertionError: //input[@name='email1'] is not present in given wait time.
	at org.testng.Assert.fail(Assert.java:94)
	at utils.DriverHelper.WaitForElementPresent(DriverHelper.java:88)
	at pagehelpers.LoginHelper.enterEmail(LoginHelper.java:23)
	at scripts.Login.testUserLogin(Login.java:31)
	at sun.reflect.NativeMethodAccessorImpl.invoke0(Native Method)
	at sun.reflect.NativeMethodAccessorImpl.invoke(NativeMethodAccessorImpl.java:57)
	at sun.reflect.DelegatingMethodAccessorImpl.invoke(DelegatingMethodAccessorImpl.java:43)
	at java.lang.reflect.Method.invoke(Method.java:606)
	at org.testng.internal.MethodInvocationHelper.invokeMethod(MethodInvocationHelper.java:85)
	at org.testng.internal.Invoker.invokeMethod(Invoker.java:639)
	at org.testng.internal.Invoker.invokeTestMethod(Invoker.java:816)
	at org.testng.internal.Invoker.invokeTestMethods(Invoker.java:1124)
	at org.testng.internal.TestMethodWorker.invokeTestMethods(TestMethodWorker.java:125)
	at org.testng.internal.TestMethodWorker.run(TestMethodWorker.java:108)
	at org.testng.TestRunner.privateRun(TestRunner.java:774)
	at org.testng.TestRunner.run(TestRunner.java:624)
	at org.testng.SuiteRunner.runTest(SuiteRunner.java:359)
	at org.testng.SuiteRunner.runSequentially(SuiteRunner.java:354)
	at org.testng.SuiteRunner.privateRun(SuiteRunner.java:312)
	at org.testng.SuiteRunner.run(SuiteRunner.java:261)
	at org.testng.SuiteRunnerWorker.runSuite(SuiteRunnerWorker.java:52)
	at org.testng.SuiteRunnerWorker.run(SuiteRunnerWorker.java:86)
	at org.testng.TestNG.runSuitesSequentially(TestNG.java:1191)
	at org.testng.TestNG.runSuitesLocally(TestNG.java:1116)
	at org.testng.TestNG.run(TestNG.java:1024)
	at org.apache.maven.surefire.testng.TestNGExecutor.run(TestNGExecutor.java:282)
	at org.apache.maven.surefire.testng.TestNGXmlTestSuite.execute(TestNGXmlTestSuite.java:83)
	at org.apache.maven.surefire.testng.TestNGProvider.invoke(TestNGProvider.java:114)
	at org.apache.maven.surefire.booter.ForkedBooter.invokeProviderInSameClassLoader(ForkedBooter.java:286)
	at org.apache.maven.surefire.booter.ForkedBooter.runSuitesInProcess(ForkedBooter.java:240)
	at org.apache.maven.surefire.booter.ForkedBooter.main(ForkedBooter.java:121)

*****************************************************************************
Dec 01,2015 16:33:57 [info]   Execution Started of Test Class scripts.Login >> testUserLogin
*****************************************************************************
Dec 01,2015 16:34:05 [info]  Open the application
Dec 01,2015 16:35:06 [info]  Dec 01,2015 16:35:06 [info]  <<<<<<<<<<<<<<<<<<<<<<<<<<<<<<<<<< Error message >>>>>>>>>>>>>>>>>>>>>>>>>>>>>>
java.lang.AssertionError: //input[@name='email1'] is not present in given wait time.
	at org.testng.Assert.fail(Assert.java:94)
	at utils.DriverHelper.WaitForElementPresent(DriverHelper.java:88)
	at pagehelpers.LoginHelper.enterEmail(LoginHelper.java:23)
	at scripts.Login.testUserLogin(Login.java:31)
	at sun.reflect.NativeMethodAccessorImpl.invoke0(Native Method)
	at sun.reflect.NativeMethodAccessorImpl.invoke(NativeMethodAccessorImpl.java:57)
	at sun.reflect.DelegatingMethodAccessorImpl.invoke(DelegatingMethodAccessorImpl.java:43)
	at java.lang.reflect.Method.invoke(Method.java:606)
	at org.testng.internal.MethodInvocationHelper.invokeMethod(MethodInvocationHelper.java:85)
	at org.testng.internal.Invoker.invokeMethod(Invoker.java:639)
	at org.testng.internal.Invoker.invokeTestMethod(Invoker.java:816)
	at org.testng.internal.Invoker.invokeTestMethods(Invoker.java:1124)
	at org.testng.internal.TestMethodWorker.invokeTestMethods(TestMethodWorker.java:125)
	at org.testng.internal.TestMethodWorker.run(TestMethodWorker.java:108)
	at org.testng.TestRunner.privateRun(TestRunner.java:774)
	at org.testng.TestRunner.run(TestRunner.java:624)
	at org.testng.SuiteRunner.runTest(SuiteRunner.java:359)
	at org.testng.SuiteRunner.runSequentially(SuiteRunner.java:354)
	at org.testng.SuiteRunner.privateRun(SuiteRunner.java:312)
	at org.testng.SuiteRunner.run(SuiteRunner.java:261)
	at org.testng.SuiteRunnerWorker.runSuite(SuiteRunnerWorker.java:52)
	at org.testng.SuiteRunnerWorker.run(SuiteRunnerWorker.java:86)
	at org.testng.TestNG.runSuitesSequentially(TestNG.java:1191)
	at org.testng.TestNG.runSuitesLocally(TestNG.java:1116)
	at org.testng.TestNG.run(TestNG.java:1024)
	at org.apache.maven.surefire.testng.TestNGExecutor.run(TestNGExecutor.java:282)
	at org.apache.maven.surefire.testng.TestNGXmlTestSuite.execute(TestNGXmlTestSuite.java:83)
	at org.apache.maven.surefire.testng.TestNGProvider.invoke(TestNGProvider.java:114)
	at org.apache.maven.surefire.booter.ForkedBooter.invokeProviderInSameClassLoader(ForkedBooter.java:286)
	at org.apache.maven.surefire.booter.ForkedBooter.runSuitesInProcess(ForkedBooter.java:240)
	at org.apache.maven.surefire.booter.ForkedBooter.main(ForkedBooter.java:121)

*****************************************************************************
Dec 01,2015 16:38:24 [info]   Execution Started of Test Class scripts.Login >> testUserLogin
*****************************************************************************
Dec 01,2015 16:38:31 [info]  Open the application
Dec 01,2015 16:39:32 [info]  Dec 01,2015 16:39:32 [info]  <<<<<<<<<<<<<<<<<<<<<<<<<<<<<<<<<< Error message >>>>>>>>>>>>>>>>>>>>>>>>>>>>>>
java.lang.AssertionError: //input[@name='email1'] is not present in given wait time.
	at org.testng.Assert.fail(Assert.java:94)
	at utils.DriverHelper.WaitForElementPresent(DriverHelper.java:88)
	at pagehelpers.LoginHelper.enterEmail(LoginHelper.java:23)
	at scripts.Login.testUserLogin(Login.java:31)
	at sun.reflect.NativeMethodAccessorImpl.invoke0(Native Method)
	at sun.reflect.NativeMethodAccessorImpl.invoke(NativeMethodAccessorImpl.java:57)
	at sun.reflect.DelegatingMethodAccessorImpl.invoke(DelegatingMethodAccessorImpl.java:43)
	at java.lang.reflect.Method.invoke(Method.java:606)
	at org.testng.internal.MethodInvocationHelper.invokeMethod(MethodInvocationHelper.java:85)
	at org.testng.internal.Invoker.invokeMethod(Invoker.java:639)
	at org.testng.internal.Invoker.invokeTestMethod(Invoker.java:816)
	at org.testng.internal.Invoker.invokeTestMethods(Invoker.java:1124)
	at org.testng.internal.TestMethodWorker.invokeTestMethods(TestMethodWorker.java:125)
	at org.testng.internal.TestMethodWorker.run(TestMethodWorker.java:108)
	at org.testng.TestRunner.privateRun(TestRunner.java:774)
	at org.testng.TestRunner.run(TestRunner.java:624)
	at org.testng.SuiteRunner.runTest(SuiteRunner.java:359)
	at org.testng.SuiteRunner.runSequentially(SuiteRunner.java:354)
	at org.testng.SuiteRunner.privateRun(SuiteRunner.java:312)
	at org.testng.SuiteRunner.run(SuiteRunner.java:261)
	at org.testng.SuiteRunnerWorker.runSuite(SuiteRunnerWorker.java:52)
	at org.testng.SuiteRunnerWorker.run(SuiteRunnerWorker.java:86)
	at org.testng.TestNG.runSuitesSequentially(TestNG.java:1191)
	at org.testng.TestNG.runSuitesLocally(TestNG.java:1116)
	at org.testng.TestNG.run(TestNG.java:1024)
	at org.apache.maven.surefire.testng.TestNGExecutor.run(TestNGExecutor.java:282)
	at org.apache.maven.surefire.testng.TestNGXmlTestSuite.execute(TestNGXmlTestSuite.java:83)
	at org.apache.maven.surefire.testng.TestNGProvider.invoke(TestNGProvider.java:114)
	at org.apache.maven.surefire.booter.ForkedBooter.invokeProviderInSameClassLoader(ForkedBooter.java:286)
	at org.apache.maven.surefire.booter.ForkedBooter.runSuitesInProcess(ForkedBooter.java:240)
	at org.apache.maven.surefire.booter.ForkedBooter.main(ForkedBooter.java:121)
